#
# A fatal error has been detected by the Java Runtime Environment:
#
#  SIGSEGV (0xb) at pc=0x00007f2757617b24, pid=22601, tid=22617
#
# JRE version: OpenJDK Runtime Environment (11.0.9.1+1) (build 11.0.9.1+1-Ubuntu-0ubuntu1.20.04)
# Java VM: OpenJDK 64-Bit Server VM (11.0.9.1+1-Ubuntu-0ubuntu1.20.04, mixed mode, sharing, tiered, compressed oops, g1 gc, linux-amd64)
# Problematic frame:
# C  [libjimage.so+0x3b24]
#
# Core dump will be written. Default location: Core dumps may be processed with "/usr/share/apport/apport %p %s %c %d %P %E" (or dumping to /home/jorgeaguirre/Documentos/gym/core.22601)
#
# If you would like to submit a bug report, please visit:
#   https://bugs.launchpad.net/ubuntu/+source/openjdk-lts
#

---------------  S U M M A R Y ------------

Command Line: -agentlib:jdwp=transport=dt_socket,suspend=y,address=localhost:40757 -javaagent:/home/jorgeaguirre/eclipse/jee-2020-09/eclipse/configuration/org.eclipse.osgi/401/0/.cp/lib/javaagent-shaded.jar -Dfile.encoding=UTF-8 com.backend.gym.GymApplication

Host: Intel(R) Core(TM) i5-6200U CPU @ 2.30GHz, 4 cores, 7G, Ubuntu 20.04.1 LTS
Time: Thu Jan 21 16:23:53 2021 -05 elapsed time: 866.963261 seconds (0d 0h 14m 26s)

---------------  T H R E A D  ---------------

Current thread (0x00007f2750180800):  JavaThread "Signal Dispatcher" daemon [_thread_in_vm, id=22617, stack(0x00007f273820f000,0x00007f2738310000)]

Stack: [0x00007f273820f000,0x00007f2738310000],  sp=0x00007f273830d1f0,  free space=1016k
Native frames: (J=compiled Java code, A=aot compiled Java code, j=interpreted, Vv=VM code, C=native code)
C  [libjimage.so+0x3b24]
C  [libjimage.so+0x3dfa]
C  [libjimage.so+0x42b1]  JIMAGE_FindResource+0xf1
V  [libjvm.so+0x5ae8d1]
V  [libjvm.so+0x5b1081]
V  [libjvm.so+0xde0f0d]
V  [libjvm.so+0xddfa9a]
V  [libjvm.so+0xde205b]
V  [libjvm.so+0x66062e]
V  [libjvm.so+0x84ec06]
j  jdk.internal.misc.Signal.dispatch(I)V+25 java.base@11.0.9.1
v  ~StubRoutines::call_stub
V  [libjvm.so+0x8575d9]
V  [libjvm.so+0x8565f2]
V  [libjvm.so+0xbc09fe]
V  [libjvm.so+0xe17ccf]
V  [libjvm.so+0xe14330]
V  [libjvm.so+0xbd26e6]

Java frames: (J=compiled Java code, j=interpreted, Vv=VM code)
j  jdk.internal.misc.Signal.dispatch(I)V+25 java.base@11.0.9.1
v  ~StubRoutines::call_stub

siginfo: si_signo: 11 (SIGSEGV), si_code: 1 (SEGV_MAPERR), si_addr: 0x00007f274798673e

Register to memory mapping:

RAX=0x00007f274798673e is an unknown value
RBX=0x00007f273830d2a0 is pointing into the stack for thread: 0x00007f2750180800
RCX=0x00000000000000aa is an unknown value
RDX=0x00007f273830d2a0 is pointing into the stack for thread: 0x00007f2750180800
RSP=0x00007f273830d1f0 is pointing into the stack for thread: 0x00007f2750180800
RBP=0x00007f273830d210 is pointing into the stack for thread: 0x00007f2750180800
RSI=0x00007f2747986701 is an unknown value
RDI=0x00007f275761c030: <offset 0x0000000000008030> in /usr/lib/jvm/java-11-openjdk-amd64/lib/libjimage.so at 0x00007f2757614000
R8 =0x00007f27478f6dd7 is an unknown value
R9 =0x0000000000000007 is an unknown value
R10=0x0000000000000002 is an unknown value
R11=0x00007f273830d220 is pointing into the stack for thread: 0x00007f2750180800
R12=0x00007f273830d220 is pointing into the stack for thread: 0x00007f2750180800
R13=0x00007f2750009910 points into unknown readable memory: b0 84 00 fc 26 7f 00 00
R14=0x000000000001bd17 is an unknown value
R15=0x00007f2750180ec0 points into unknown readable memory: 6a 64 6b 2f 69 6e 74 65


Registers:
RAX=0x00007f274798673e, RBX=0x00007f273830d2a0, RCX=0x00000000000000aa, RDX=0x00007f273830d2a0
RSP=0x00007f273830d1f0, RBP=0x00007f273830d210, RSI=0x00007f2747986701, RDI=0x00007f275761c030
R8 =0x00007f27478f6dd7, R9 =0x0000000000000007, R10=0x0000000000000002, R11=0x00007f273830d220
R12=0x00007f273830d220, R13=0x00007f2750009910, R14=0x000000000001bd17, R15=0x00007f2750180ec0
RIP=0x00007f2757617b24, EFLAGS=0x0000000000010202, CSGSFS=0x002b000000000033, ERR=0x0000000000000004
  TRAPNO=0x000000000000000e

Top of Stack: (sp=0x00007f273830d1f0)
0x00007f273830d1f0:   0000001000000000 00007f273830e338
0x00007f273830d200:   00007f2750009910 00007f273830d2a0
0x00007f273830d210:   00007f273830d280 00007f2757617dfa
0x00007f273830d220:   0000000000000000 000000000000003d 

Instructions: (pc=0x00007f2757617b24)
0x00007f2757617a24:   49 89 c6 e8 f4 e7 ff ff 41 8b 75 20 4c 01 f3 49
0x00007f2757617a34:   01 f4 41 80 3c 24 00 75 7b c6 03 00 48 83 c4 08
0x00007f2757617a44:   5b 41 5c 41 5d 41 5e 41 5f 5d c3 90 4c 89 f7 e8
0x00007f2757617a54:   b8 e7 ff ff c6 03 2f 48 8d 4b 01 4c 89 f6 48 89
0x00007f2757617a64:   cf 48 89 c2 49 89 c7 e8 b0 e7 ff ff 48 89 c1 4c
0x00007f2757617a74:   01 f9 c6 01 2f 45 8b 75 10 48 8d 59 01 4d 01 e6
0x00007f2757617a84:   41 80 3e 00 74 82 4c 89 f7 e8 7e e7 ff ff 48 89
0x00007f2757617a94:   df 4c 89 f6 49 89 c7 48 89 c2 e8 7d e7 ff ff 49
0x00007f2757617aa4:   01 df 41 c6 07 2f 49 8d 5f 01 e9 59 ff ff ff 0f
0x00007f2757617ab4:   1f 44 00 00 4c 89 e7 e8 50 e7 ff ff c6 03 2e 48
0x00007f2757617ac4:   8d 4b 01 4c 89 e6 48 89 c2 48 89 cf 49 89 c5 e8
0x00007f2757617ad4:   48 e7 ff ff 4a 8d 1c 28 e9 5c ff ff ff 90 66 66
0x00007f2757617ae4:   2e 0f 1f 84 00 00 00 00 00 0f 1f 00 f3 0f 1e fa
0x00007f2757617af4:   55 48 89 e5 41 55 49 89 fd 41 54 49 89 f4 53 48
0x00007f2757617b04:   89 d3 48 83 ec 08 48 8b 7f 10 41 8b 75 38 48 8b
0x00007f2757617b14:   07 ff 50 08 49 8b 75 68 41 8b 44 24 08 48 01 f0
0x00007f2757617b24:   0f b6 08 84 c9 74 65 45 31 c0 80 3b 2f 0f 85 d5
0x00007f2757617b34:   00 00 00 0f b6 7b 01 40 84 ff 0f 84 c8 00 00 00
0x00007f2757617b44:   48 83 c3 01 eb 09 66 0f 1f 44 00 00 48 89 d3 40
0x00007f2757617b54:   38 f9 0f 85 44 01 00 00 0f b6 7b 01 48 8d 53 01
0x00007f2757617b64:   48 83 c0 01 40 84 ff 0f 84 2f 01 00 00 0f b6 08
0x00007f2757617b74:   84 c9 75 d8 48 83 c3 02 40 80 ff 2f 0f 85 1a 01
0x00007f2757617b84:   00 00 66 2e 0f 1f 84 00 00 00 00 00 41 8b 54 24
0x00007f2757617b94:   10 0f b6 03 48 01 f2 0f b6 0a 84 c9 74 7e 84 c0
0x00007f2757617ba4:   75 0d e9 f5 00 00 00 0f 1f 44 00 00 48 89 fb 38
0x00007f2757617bb4:   c1 0f 85 e5 00 00 00 0f b6 43 01 48 8d 7b 01 48
0x00007f2757617bc4:   83 c2 01 84 c0 0f 84 d1 00 00 00 0f b6 0a 84 c9
0x00007f2757617bd4:   75 da 3c 2f 0f 85 c2 00 00 00 41 8b 54 24 18 0f
0x00007f2757617be4:   b6 47 01 48 83 c3 02 48 01 f2 84 c0 75 52 66 0f
0x00007f2757617bf4:   1f 44 00 00 41 8b 44 24 20 45 31 c0 0f b6 04 06
0x00007f2757617c04:   84 c0 0f 84 7d 00 00 00 48 83 c4 08 44 89 c0 5b
0x00007f2757617c14:   41 5c 41 5d 5d c3 66 0f 1f 44 00 00 41 8b 54 24 


Stack slot to memory mapping:
stack at sp + 0 slots: 0x0000001000000000 is an unknown value
stack at sp + 1 slots: 0x00007f273830e338 is pointing into the stack for thread: 0x00007f2750180800
stack at sp + 2 slots: 0x00007f2750009910 points into unknown readable memory: b0 84 00 fc 26 7f 00 00
stack at sp + 3 slots: 0x00007f273830d2a0 is pointing into the stack for thread: 0x00007f2750180800
stack at sp + 4 slots: 0x00007f273830d280 is pointing into the stack for thread: 0x00007f2750180800
stack at sp + 5 slots: 0x00007f2757617dfa: <offset 0x0000000000003dfa> in /usr/lib/jvm/java-11-openjdk-amd64/lib/libjimage.so at 0x00007f2757614000
stack at sp + 6 slots: 0x0 is NULL
stack at sp + 7 slots: 0x000000000000003d is an unknown value


---------------  P R O C E S S  ---------------

Threads class SMR info:
_java_thread_list=0x00007f26f40068b0, length=32, elements={
0x00007f2750171000, 0x00007f275017b000, 0x00007f2750180800, 0x00007f2750182800,
0x00007f2750184800, 0x00007f2750186800, 0x00007f2750195000, 0x00007f27501e0800,
0x00007f27501e5000, 0x00007f2750541800, 0x00007f2708001000, 0x00007f26dcebc800,
0x00007f26cc05b000, 0x00007f26dcec0000, 0x00007f26dd644800, 0x00007f26dd637800,
0x00007f26dd9b3800, 0x00007f26ddc12800, 0x00007f26ddc1f800, 0x00007f26ddc21800,
0x00007f26ddc23000, 0x00007f26ddc24800, 0x00007f26ddc26800, 0x00007f26ddc28800,
0x00007f26ddc2a800, 0x00007f26ddc2d000, 0x00007f26ddc2f000, 0x00007f26ddc31000,
0x00007f26ddc33000, 0x00007f26ddc39800, 0x00007f26ddc3d000, 0x00007f275001a800
}

Java Threads: ( => current thread )
  0x00007f2750171000 JavaThread "Reference Handler" daemon [_thread_blocked, id=22615, stack(0x00007f2738411000,0x00007f2738512000)]
  0x00007f275017b000 JavaThread "Finalizer" daemon [_thread_blocked, id=22616, stack(0x00007f2738310000,0x00007f2738411000)]
=>0x00007f2750180800 JavaThread "Signal Dispatcher" daemon [_thread_in_vm, id=22617, stack(0x00007f273820f000,0x00007f2738310000)]
  0x00007f2750182800 JavaThread "C2 CompilerThread0" daemon [_thread_blocked, id=22618, stack(0x00007f273810e000,0x00007f273820f000)]
  0x00007f2750184800 JavaThread "C1 CompilerThread0" daemon [_thread_blocked, id=22619, stack(0x00007f273800d000,0x00007f273810e000)]
  0x00007f2750186800 JavaThread "Sweeper thread" daemon [_thread_blocked, id=22620, stack(0x00007f2730217000,0x00007f2730318000)]
  0x00007f2750195000 JavaThread "Common-Cleaner" daemon [_thread_blocked, id=22621, stack(0x00007f2730116000,0x00007f2730217000)]
  0x00007f27501e0800 JavaThread "JDWP Transport Listener: dt_socket" daemon [_thread_in_native, id=22623, stack(0x00007f2722f01000,0x00007f2723002000)]
  0x00007f27501e5000 JavaThread "JDWP Event Helper Thread" daemon [_thread_blocked, id=22626, stack(0x00007f2722e00000,0x00007f2722f01000)]
  0x00007f2750541800 JavaThread "Service Thread" daemon [_thread_blocked, id=22632, stack(0x00007f2722afd000,0x00007f2722bfe000)]
  0x00007f2708001000 JavaThread "Attach Listener" daemon [_thread_blocked, id=22642, stack(0x00007f27223f2000,0x00007f27224f3000)]
  0x00007f26dcebc800 JavaThread "Catalina-utility-1" [_thread_blocked, id=22643, stack(0x00007f2721ae6000,0x00007f2721be7000)]
  0x00007f26cc05b000 JavaThread "Catalina-utility-2" [_thread_blocked, id=22644, stack(0x00007f27215e5000,0x00007f27216e6000)]
  0x00007f26dcec0000 JavaThread "container-0" [_thread_blocked, id=22645, stack(0x00007f2720e1b000,0x00007f2720f1c000)]
  0x00007f26dd644800 JavaThread "PostgreSQL-JDBC-SharedTimer-1" daemon [_thread_blocked, id=22647, stack(0x00007f2720479000,0x00007f272057a000)]
  0x00007f26dd637800 JavaThread "HikariPool-1 housekeeper" daemon [_thread_blocked, id=22648, stack(0x00007f2720378000,0x00007f2720479000)]
  0x00007f26dd9b3800 JavaThread "Live Reload Server" daemon [_thread_in_native, id=22660, stack(0x00007f26bf3e2000,0x00007f26bf4e3000)]
  0x00007f26ddc12800 JavaThread "File Watcher" daemon [_thread_blocked, id=22663, stack(0x00007f26bf4e3000,0x00007f26bf5e4000)]
  0x00007f26ddc1f800 JavaThread "http-nio-5000-BlockPoller" daemon [_thread_in_native, id=22664, stack(0x00007f26bece1000,0x00007f26bede2000)]
  0x00007f26ddc21800 JavaThread "http-nio-5000-exec-1" daemon [_thread_blocked, id=22665, stack(0x00007f26bebe0000,0x00007f26bece1000)]
  0x00007f26ddc23000 JavaThread "http-nio-5000-exec-2" daemon [_thread_blocked, id=22666, stack(0x00007f26beadf000,0x00007f26bebe0000)]
  0x00007f26ddc24800 JavaThread "http-nio-5000-exec-3" daemon [_thread_blocked, id=22667, stack(0x00007f26be9de000,0x00007f26beadf000)]
  0x00007f26ddc26800 JavaThread "http-nio-5000-exec-4" daemon [_thread_blocked, id=22668, stack(0x00007f26be8dd000,0x00007f26be9de000)]
  0x00007f26ddc28800 JavaThread "http-nio-5000-exec-5" daemon [_thread_blocked, id=22669, stack(0x00007f26be7dc000,0x00007f26be8dd000)]
  0x00007f26ddc2a800 JavaThread "http-nio-5000-exec-6" daemon [_thread_blocked, id=22670, stack(0x00007f26be6db000,0x00007f26be7dc000)]
  0x00007f26ddc2d000 JavaThread "http-nio-5000-exec-7" daemon [_thread_blocked, id=22671, stack(0x00007f26be5da000,0x00007f26be6db000)]
  0x00007f26ddc2f000 JavaThread "http-nio-5000-exec-8" daemon [_thread_blocked, id=22672, stack(0x00007f26be4d9000,0x00007f26be5da000)]
  0x00007f26ddc31000 JavaThread "http-nio-5000-exec-9" daemon [_thread_blocked, id=22673, stack(0x00007f26be3d8000,0x00007f26be4d9000)]
  0x00007f26ddc33000 JavaThread "http-nio-5000-exec-10" daemon [_thread_blocked, id=22674, stack(0x00007f26be2d7000,0x00007f26be3d8000)]
  0x00007f26ddc39800 JavaThread "http-nio-5000-ClientPoller" daemon [_thread_in_native, id=22675, stack(0x00007f26be1d6000,0x00007f26be2d7000)]
  0x00007f26ddc3d000 JavaThread "http-nio-5000-Acceptor" daemon [_thread_in_native, id=22676, stack(0x00007f26be0d5000,0x00007f26be1d6000)]
  0x00007f275001a800 JavaThread "DestroyJavaVM" [_thread_blocked, id=22607, stack(0x00007f2757656000,0x00007f2757757000)]

Other Threads:
  0x00007f275016e000 VMThread "VM Thread" [stack: 0x00007f2738514000,0x00007f2738614000] [id=22614]
  0x00007f2750500800 WatcherThread [stack: 0x00007f27229fd000,0x00007f2722afd000] [id=22633]
  0x00007f2750032800 GCTaskThread "GC Thread#0" [stack: 0x00007f2757287000,0x00007f2757387000] [id=22609]
  0x00007f2718001000 GCTaskThread "GC Thread#1" [stack: 0x00007f27228fb000,0x00007f27229fb000] [id=22634]
  0x00007f2718003800 GCTaskThread "GC Thread#2" [stack: 0x00007f27225f7000,0x00007f27226f7000] [id=22637]
  0x00007f2718005000 GCTaskThread "GC Thread#3" [stack: 0x00007f27224f5000,0x00007f27225f5000] [id=22638]
  0x00007f2750061000 ConcurrentGCThread "G1 Main Marker" [stack: 0x00007f2754584000,0x00007f2754684000] [id=22610]
  0x00007f2750063000 ConcurrentGCThread "G1 Conc#0" [stack: 0x00007f2754482000,0x00007f2754582000] [id=22611]
  0x00007f27500d4000 ConcurrentGCThread "G1 Refine#0" [stack: 0x00007f2738799000,0x00007f2738899000] [id=22612]
  0x00007f27500d6000 ConcurrentGCThread "G1 Young RemSet Sampling" [stack: 0x00007f2738697000,0x00007f2738797000] [id=22613]

Threads with active compile tasks:

VM state:not at safepoint (normal execution)

VM Mutex/Monitor currently owned by a thread: None

Heap address: 0x000000008c600000, size: 1850 MB, Compressed Oops mode: 32-bit
Narrow klass base: 0x0000000800000000, Narrow klass shift: 3
Compressed class space size: 1073741824 Address: 0x0000000840000000

Heap:
 garbage-first heap   total 224256K, used 101629K [0x000000008c600000, 0x0000000100000000)
  region size 1024K, 84 young (86016K), 11 survivors (11264K)
 Metaspace       used 62557K, capacity 64277K, committed 64512K, reserved 1105920K
  class space    used 8203K, capacity 8887K, committed 8960K, reserved 1048576K
Heap Regions: E=young(eden), S=young(survivor), O=old, HS=humongous(starts), HC=humongous(continues), CS=collection set, F=free, A=archive, TAMS=top-at-mark-start (previous, next)
|   0|0x000000008c600000, 0x000000008c700000, 0x000000008c700000|100%|HS|  |TAMS 0x000000008c700000, 0x000000008c600000| Complete 
|   1|0x000000008c700000, 0x000000008c800000, 0x000000008c800000|100%| O|  |TAMS 0x000000008c800000, 0x000000008c700000| Untracked 
|   2|0x000000008c800000, 0x000000008c900000, 0x000000008c900000|100%| O|  |TAMS 0x000000008c900000, 0x000000008c800000| Untracked 
|   3|0x000000008c900000, 0x000000008ca00000, 0x000000008ca00000|100%| O|  |TAMS 0x000000008ca00000, 0x000000008c900000| Untracked 
|   4|0x000000008ca00000, 0x000000008cb00000, 0x000000008cb00000|100%| O|  |TAMS 0x000000008cb00000, 0x000000008ca00000| Untracked 
|   5|0x000000008cb00000, 0x000000008cc00000, 0x000000008cc00000|100%| O|  |TAMS 0x000000008cc00000, 0x000000008cb00000| Untracked 
|   6|0x000000008cc00000, 0x000000008cd00000, 0x000000008cd00000|100%| O|  |TAMS 0x000000008cd00000, 0x000000008cc00000| Untracked 
|   7|0x000000008cd00000, 0x000000008ce00000, 0x000000008ce00000|100%| O|  |TAMS 0x000000008ce00000, 0x000000008cd00000| Untracked 
|   8|0x000000008ce00000, 0x000000008cf00000, 0x000000008cf00000|100%| O|  |TAMS 0x000000008cf00000, 0x000000008ce00000| Untracked 
|   9|0x000000008cf00000, 0x000000008d000000, 0x000000008d000000|100%| O|  |TAMS 0x000000008d000000, 0x000000008cf00000| Untracked 
|  10|0x000000008d000000, 0x000000008d100000, 0x000000008d100000|100%| O|  |TAMS 0x000000008d100000, 0x000000008d000000| Untracked 
|  11|0x000000008d100000, 0x000000008d200000, 0x000000008d200000|100%| O|  |TAMS 0x000000008d200000, 0x000000008d100000| Untracked 
|  12|0x000000008d200000, 0x000000008d300000, 0x000000008d300000|100%| O|  |TAMS 0x000000008d300000, 0x000000008d200000| Untracked 
|  13|0x000000008d300000, 0x000000008d400000, 0x000000008d400000|100%| O|  |TAMS 0x000000008d400000, 0x000000008d300000| Untracked 
|  14|0x000000008d400000, 0x000000008d500000, 0x000000008d500000|100%| O|  |TAMS 0x000000008d500000, 0x000000008d400000| Untracked 
|  15|0x000000008d500000, 0x000000008d58d600, 0x000000008d600000| 55%| O|  |TAMS 0x000000008d58d600, 0x000000008d500000| Untracked 
|  16|0x000000008d600000, 0x000000008d600000, 0x000000008d700000|  0%| F|  |TAMS 0x000000008d600000, 0x000000008d600000| Untracked 
|  17|0x000000008d700000, 0x000000008d700000, 0x000000008d800000|  0%| F|  |TAMS 0x000000008d700000, 0x000000008d700000| Untracked 
|  18|0x000000008d800000, 0x000000008d800000, 0x000000008d900000|  0%| F|  |TAMS 0x000000008d800000, 0x000000008d800000| Untracked 
|  19|0x000000008d900000, 0x000000008d900000, 0x000000008da00000|  0%| F|  |TAMS 0x000000008d900000, 0x000000008d900000| Untracked 
|  20|0x000000008da00000, 0x000000008da00000, 0x000000008db00000|  0%| F|  |TAMS 0x000000008da00000, 0x000000008da00000| Untracked 
|  21|0x000000008db00000, 0x000000008db00000, 0x000000008dc00000|  0%| F|  |TAMS 0x000000008db00000, 0x000000008db00000| Untracked 
|  22|0x000000008dc00000, 0x000000008dc00000, 0x000000008dd00000|  0%| F|  |TAMS 0x000000008dc00000, 0x000000008dc00000| Untracked 
|  23|0x000000008dd00000, 0x000000008dd00000, 0x000000008de00000|  0%| F|  |TAMS 0x000000008dd00000, 0x000000008dd00000| Untracked 
|  24|0x000000008de00000, 0x000000008de00000, 0x000000008df00000|  0%| F|  |TAMS 0x000000008de00000, 0x000000008de00000| Untracked 
|  25|0x000000008df00000, 0x000000008df00000, 0x000000008e000000|  0%| F|  |TAMS 0x000000008df00000, 0x000000008df00000| Untracked 
|  26|0x000000008e000000, 0x000000008e000000, 0x000000008e100000|  0%| F|  |TAMS 0x000000008e000000, 0x000000008e000000| Untracked 
|  27|0x000000008e100000, 0x000000008e100000, 0x000000008e200000|  0%| F|  |TAMS 0x000000008e100000, 0x000000008e100000| Untracked 
|  28|0x000000008e200000, 0x000000008e200000, 0x000000008e300000|  0%| F|  |TAMS 0x000000008e200000, 0x000000008e200000| Untracked 
|  29|0x000000008e300000, 0x000000008e300000, 0x000000008e400000|  0%| F|  |TAMS 0x000000008e300000, 0x000000008e300000| Untracked 
|  30|0x000000008e400000, 0x000000008e400000, 0x000000008e500000|  0%| F|  |TAMS 0x000000008e400000, 0x000000008e400000| Untracked 
|  31|0x000000008e500000, 0x000000008e500000, 0x000000008e600000|  0%| F|  |TAMS 0x000000008e500000, 0x000000008e500000| Untracked 
|  32|0x000000008e600000, 0x000000008e600000, 0x000000008e700000|  0%| F|  |TAMS 0x000000008e600000, 0x000000008e600000| Untracked 
|  33|0x000000008e700000, 0x000000008e700000, 0x000000008e800000|  0%| F|  |TAMS 0x000000008e700000, 0x000000008e700000| Untracked 
|  34|0x000000008e800000, 0x000000008e800000, 0x000000008e900000|  0%| F|  |TAMS 0x000000008e800000, 0x000000008e800000| Untracked 
|  35|0x000000008e900000, 0x000000008e900000, 0x000000008ea00000|  0%| F|  |TAMS 0x000000008e900000, 0x000000008e900000| Untracked 
|  36|0x000000008ea00000, 0x000000008ea00000, 0x000000008eb00000|  0%| F|  |TAMS 0x000000008ea00000, 0x000000008ea00000| Untracked 
|  37|0x000000008eb00000, 0x000000008eb00000, 0x000000008ec00000|  0%| F|  |TAMS 0x000000008eb00000, 0x000000008eb00000| Untracked 
|  38|0x000000008ec00000, 0x000000008ec00000, 0x000000008ed00000|  0%| F|  |TAMS 0x000000008ec00000, 0x000000008ec00000| Untracked 
|  39|0x000000008ed00000, 0x000000008ed00000, 0x000000008ee00000|  0%| F|  |TAMS 0x000000008ed00000, 0x000000008ed00000| Untracked 
|  40|0x000000008ee00000, 0x000000008ee00000, 0x000000008ef00000|  0%| F|  |TAMS 0x000000008ee00000, 0x000000008ee00000| Untracked 
|  41|0x000000008ef00000, 0x000000008ef00000, 0x000000008f000000|  0%| F|  |TAMS 0x000000008ef00000, 0x000000008ef00000| Untracked 
|  42|0x000000008f000000, 0x000000008f000000, 0x000000008f100000|  0%| F|  |TAMS 0x000000008f000000, 0x000000008f000000| Untracked 
|  43|0x000000008f100000, 0x000000008f100000, 0x000000008f200000|  0%| F|  |TAMS 0x000000008f100000, 0x000000008f100000| Untracked 
|  44|0x000000008f200000, 0x000000008f200000, 0x000000008f300000|  0%| F|  |TAMS 0x000000008f200000, 0x000000008f200000| Untracked 
|  45|0x000000008f300000, 0x000000008f300000, 0x000000008f400000|  0%| F|  |TAMS 0x000000008f300000, 0x000000008f300000| Untracked 
|  46|0x000000008f400000, 0x000000008f400000, 0x000000008f500000|  0%| F|  |TAMS 0x000000008f400000, 0x000000008f400000| Untracked 
|  47|0x000000008f500000, 0x000000008f500000, 0x000000008f600000|  0%| F|  |TAMS 0x000000008f500000, 0x000000008f500000| Untracked 
|  48|0x000000008f600000, 0x000000008f600000, 0x000000008f700000|  0%| F|  |TAMS 0x000000008f600000, 0x000000008f600000| Untracked 
|  49|0x000000008f700000, 0x000000008f700000, 0x000000008f800000|  0%| F|  |TAMS 0x000000008f700000, 0x000000008f700000| Untracked 
|  50|0x000000008f800000, 0x000000008f800000, 0x000000008f900000|  0%| F|  |TAMS 0x000000008f800000, 0x000000008f800000| Untracked 
|  51|0x000000008f900000, 0x000000008f900000, 0x000000008fa00000|  0%| F|  |TAMS 0x000000008f900000, 0x000000008f900000| Untracked 
|  52|0x000000008fa00000, 0x000000008fa00000, 0x000000008fb00000|  0%| F|  |TAMS 0x000000008fa00000, 0x000000008fa00000| Untracked 
|  53|0x000000008fb00000, 0x000000008fb00000, 0x000000008fc00000|  0%| F|  |TAMS 0x000000008fb00000, 0x000000008fb00000| Untracked 
|  54|0x000000008fc00000, 0x000000008fc00000, 0x000000008fd00000|  0%| F|  |TAMS 0x000000008fc00000, 0x000000008fc00000| Untracked 
|  55|0x000000008fd00000, 0x000000008fd00000, 0x000000008fe00000|  0%| F|  |TAMS 0x000000008fd00000, 0x000000008fd00000| Untracked 
|  56|0x000000008fe00000, 0x000000008fe00000, 0x000000008ff00000|  0%| F|  |TAMS 0x000000008fe00000, 0x000000008fe00000| Untracked 
|  57|0x000000008ff00000, 0x000000008ff00000, 0x0000000090000000|  0%| F|  |TAMS 0x000000008ff00000, 0x000000008ff00000| Untracked 
|  58|0x0000000090000000, 0x0000000090000000, 0x0000000090100000|  0%| F|  |TAMS 0x0000000090000000, 0x0000000090000000| Untracked 
|  59|0x0000000090100000, 0x0000000090100000, 0x0000000090200000|  0%| F|  |TAMS 0x0000000090100000, 0x0000000090100000| Untracked 
|  60|0x0000000090200000, 0x0000000090200000, 0x0000000090300000|  0%| F|  |TAMS 0x0000000090200000, 0x0000000090200000| Untracked 
|  61|0x0000000090300000, 0x0000000090300000, 0x0000000090400000|  0%| F|  |TAMS 0x0000000090300000, 0x0000000090300000| Untracked 
|  62|0x0000000090400000, 0x0000000090400000, 0x0000000090500000|  0%| F|  |TAMS 0x0000000090400000, 0x0000000090400000| Untracked 
|  63|0x0000000090500000, 0x0000000090500000, 0x0000000090600000|  0%| F|  |TAMS 0x0000000090500000, 0x0000000090500000| Untracked 
|  64|0x0000000090600000, 0x0000000090600000, 0x0000000090700000|  0%| F|  |TAMS 0x0000000090600000, 0x0000000090600000| Untracked 
|  65|0x0000000090700000, 0x0000000090700000, 0x0000000090800000|  0%| F|  |TAMS 0x0000000090700000, 0x0000000090700000| Untracked 
|  66|0x0000000090800000, 0x0000000090800000, 0x0000000090900000|  0%| F|  |TAMS 0x0000000090800000, 0x0000000090800000| Untracked 
|  67|0x0000000090900000, 0x0000000090900000, 0x0000000090a00000|  0%| F|  |TAMS 0x0000000090900000, 0x0000000090900000| Untracked 
|  68|0x0000000090a00000, 0x0000000090a00000, 0x0000000090b00000|  0%| F|  |TAMS 0x0000000090a00000, 0x0000000090a00000| Untracked 
|  69|0x0000000090b00000, 0x0000000090b00000, 0x0000000090c00000|  0%| F|  |TAMS 0x0000000090b00000, 0x0000000090b00000| Untracked 
|  70|0x0000000090c00000, 0x0000000090c00000, 0x0000000090d00000|  0%| F|  |TAMS 0x0000000090c00000, 0x0000000090c00000| Untracked 
|  71|0x0000000090d00000, 0x0000000090d00000, 0x0000000090e00000|  0%| F|  |TAMS 0x0000000090d00000, 0x0000000090d00000| Untracked 
|  72|0x0000000090e00000, 0x0000000090e00000, 0x0000000090f00000|  0%| F|  |TAMS 0x0000000090e00000, 0x0000000090e00000| Untracked 
|  73|0x0000000090f00000, 0x0000000090f00000, 0x0000000091000000|  0%| F|  |TAMS 0x0000000090f00000, 0x0000000090f00000| Untracked 
|  74|0x0000000091000000, 0x0000000091000000, 0x0000000091100000|  0%| F|  |TAMS 0x0000000091000000, 0x0000000091000000| Untracked 
|  75|0x0000000091100000, 0x0000000091100000, 0x0000000091200000|  0%| F|  |TAMS 0x0000000091100000, 0x0000000091100000| Untracked 
|  76|0x0000000091200000, 0x0000000091200000, 0x0000000091300000|  0%| F|  |TAMS 0x0000000091200000, 0x0000000091200000| Untracked 
|  77|0x0000000091300000, 0x0000000091300000, 0x0000000091400000|  0%| F|  |TAMS 0x0000000091300000, 0x0000000091300000| Untracked 
|  78|0x0000000091400000, 0x0000000091400000, 0x0000000091500000|  0%| F|  |TAMS 0x0000000091400000, 0x0000000091400000| Untracked 
|  79|0x0000000091500000, 0x0000000091500000, 0x0000000091600000|  0%| F|  |TAMS 0x0000000091500000, 0x0000000091500000| Untracked 
|  80|0x0000000091600000, 0x0000000091600000, 0x0000000091700000|  0%| F|  |TAMS 0x0000000091600000, 0x0000000091600000| Untracked 
|  81|0x0000000091700000, 0x0000000091700000, 0x0000000091800000|  0%| F|  |TAMS 0x0000000091700000, 0x0000000091700000| Untracked 
|  82|0x0000000091800000, 0x0000000091800000, 0x0000000091900000|  0%| F|  |TAMS 0x0000000091800000, 0x0000000091800000| Untracked 
|  83|0x0000000091900000, 0x0000000091900000, 0x0000000091a00000|  0%| F|  |TAMS 0x0000000091900000, 0x0000000091900000| Untracked 
|  84|0x0000000091a00000, 0x0000000091a00000, 0x0000000091b00000|  0%| F|  |TAMS 0x0000000091a00000, 0x0000000091a00000| Untracked 
|  85|0x0000000091b00000, 0x0000000091b00000, 0x0000000091c00000|  0%| F|  |TAMS 0x0000000091b00000, 0x0000000091b00000| Untracked 
|  86|0x0000000091c00000, 0x0000000091c00000, 0x0000000091d00000|  0%| F|  |TAMS 0x0000000091c00000, 0x0000000091c00000| Untracked 
|  87|0x0000000091d00000, 0x0000000091d00000, 0x0000000091e00000|  0%| F|  |TAMS 0x0000000091d00000, 0x0000000091d00000| Untracked 
|  88|0x0000000091e00000, 0x0000000091e00000, 0x0000000091f00000|  0%| F|  |TAMS 0x0000000091e00000, 0x0000000091e00000| Untracked 
|  89|0x0000000091f00000, 0x0000000091f00000, 0x0000000092000000|  0%| F|  |TAMS 0x0000000091f00000, 0x0000000091f00000| Untracked 
|  90|0x0000000092000000, 0x0000000092000000, 0x0000000092100000|  0%| F|  |TAMS 0x0000000092000000, 0x0000000092000000| Untracked 
|  91|0x0000000092100000, 0x0000000092100000, 0x0000000092200000|  0%| F|  |TAMS 0x0000000092100000, 0x0000000092100000| Untracked 
|  92|0x0000000092200000, 0x0000000092200000, 0x0000000092300000|  0%| F|  |TAMS 0x0000000092200000, 0x0000000092200000| Untracked 
|  93|0x0000000092300000, 0x0000000092300000, 0x0000000092400000|  0%| F|  |TAMS 0x0000000092300000, 0x0000000092300000| Untracked 
|  94|0x0000000092400000, 0x0000000092400000, 0x0000000092500000|  0%| F|  |TAMS 0x0000000092400000, 0x0000000092400000| Untracked 
|  95|0x0000000092500000, 0x0000000092500000, 0x0000000092600000|  0%| F|  |TAMS 0x0000000092500000, 0x0000000092500000| Untracked 
|  96|0x0000000092600000, 0x0000000092600000, 0x0000000092700000|  0%| F|  |TAMS 0x0000000092600000, 0x0000000092600000| Untracked 
|  97|0x0000000092700000, 0x0000000092700000, 0x0000000092800000|  0%| F|  |TAMS 0x0000000092700000, 0x0000000092700000| Untracked 
|  98|0x0000000092800000, 0x0000000092800000, 0x0000000092900000|  0%| F|  |TAMS 0x0000000092800000, 0x0000000092800000| Untracked 
|  99|0x0000000092900000, 0x0000000092900000, 0x0000000092a00000|  0%| F|  |TAMS 0x0000000092900000, 0x0000000092900000| Untracked 
| 100|0x0000000092a00000, 0x0000000092a00000, 0x0000000092b00000|  0%| F|  |TAMS 0x0000000092a00000, 0x0000000092a00000| Untracked 
| 101|0x0000000092b00000, 0x0000000092b00000, 0x0000000092c00000|  0%| F|  |TAMS 0x0000000092b00000, 0x0000000092b00000| Untracked 
| 102|0x0000000092c00000, 0x0000000092c00000, 0x0000000092d00000|  0%| F|  |TAMS 0x0000000092c00000, 0x0000000092c00000| Untracked 
| 103|0x0000000092d00000, 0x0000000092d00000, 0x0000000092e00000|  0%| F|  |TAMS 0x0000000092d00000, 0x0000000092d00000| Untracked 
| 104|0x0000000092e00000, 0x0000000092e00000, 0x0000000092f00000|  0%| F|  |TAMS 0x0000000092e00000, 0x0000000092e00000| Untracked 
| 105|0x0000000092f00000, 0x0000000092f00000, 0x0000000093000000|  0%| F|  |TAMS 0x0000000092f00000, 0x0000000092f00000| Untracked 
| 106|0x0000000093000000, 0x0000000093000000, 0x0000000093100000|  0%| F|  |TAMS 0x0000000093000000, 0x0000000093000000| Untracked 
| 107|0x0000000093100000, 0x0000000093100000, 0x0000000093200000|  0%| F|  |TAMS 0x0000000093100000, 0x0000000093100000| Untracked 
| 108|0x0000000093200000, 0x0000000093200000, 0x0000000093300000|  0%| F|  |TAMS 0x0000000093200000, 0x0000000093200000| Untracked 
| 109|0x0000000093300000, 0x0000000093300000, 0x0000000093400000|  0%| F|  |TAMS 0x0000000093300000, 0x0000000093300000| Untracked 
| 110|0x0000000093400000, 0x0000000093400000, 0x0000000093500000|  0%| F|  |TAMS 0x0000000093400000, 0x0000000093400000| Untracked 
| 111|0x0000000093500000, 0x0000000093500000, 0x0000000093600000|  0%| F|  |TAMS 0x0000000093500000, 0x0000000093500000| Untracked 
| 112|0x0000000093600000, 0x0000000093600000, 0x0000000093700000|  0%| F|  |TAMS 0x0000000093600000, 0x0000000093600000| Untracked 
| 113|0x0000000093700000, 0x0000000093700000, 0x0000000093800000|  0%| F|  |TAMS 0x0000000093700000, 0x0000000093700000| Untracked 
| 114|0x0000000093800000, 0x0000000093800000, 0x0000000093900000|  0%| F|  |TAMS 0x0000000093800000, 0x0000000093800000| Untracked 
| 115|0x0000000093900000, 0x0000000093900000, 0x0000000093a00000|  0%| F|  |TAMS 0x0000000093900000, 0x0000000093900000| Untracked 
| 116|0x0000000093a00000, 0x0000000093a00000, 0x0000000093b00000|  0%| F|  |TAMS 0x0000000093a00000, 0x0000000093a00000| Untracked 
| 117|0x0000000093b00000, 0x0000000093b00000, 0x0000000093c00000|  0%| F|  |TAMS 0x0000000093b00000, 0x0000000093b00000| Untracked 
| 118|0x0000000093c00000, 0x0000000093c00000, 0x0000000093d00000|  0%| F|  |TAMS 0x0000000093c00000, 0x0000000093c00000| Untracked 
| 119|0x0000000093d00000, 0x0000000093d00000, 0x0000000093e00000|  0%| F|  |TAMS 0x0000000093d00000, 0x0000000093d00000| Untracked 
| 120|0x0000000093e00000, 0x0000000093e00000, 0x0000000093f00000|  0%| F|  |TAMS 0x0000000093e00000, 0x0000000093e00000| Untracked 
| 121|0x0000000093f00000, 0x0000000093f00000, 0x0000000094000000|  0%| F|  |TAMS 0x0000000093f00000, 0x0000000093f00000| Untracked 
| 122|0x0000000094000000, 0x0000000094000000, 0x0000000094100000|  0%| F|  |TAMS 0x0000000094000000, 0x0000000094000000| Untracked 
| 123|0x0000000094100000, 0x0000000094100000, 0x0000000094200000|  0%| F|  |TAMS 0x0000000094100000, 0x0000000094100000| Untracked 
| 124|0x0000000094200000, 0x0000000094200000, 0x0000000094300000|  0%| F|  |TAMS 0x0000000094200000, 0x0000000094200000| Untracked 
| 125|0x0000000094300000, 0x0000000094300000, 0x0000000094400000|  0%| F|  |TAMS 0x0000000094300000, 0x0000000094300000| Untracked 
| 126|0x0000000094400000, 0x0000000094400000, 0x0000000094500000|  0%| F|  |TAMS 0x0000000094400000, 0x0000000094400000| Untracked 
| 127|0x0000000094500000, 0x0000000094500000, 0x0000000094600000|  0%| F|  |TAMS 0x0000000094500000, 0x0000000094500000| Untracked 
| 128|0x0000000094600000, 0x0000000094600000, 0x0000000094700000|  0%| F|  |TAMS 0x0000000094600000, 0x0000000094600000| Untracked 
| 129|0x0000000094700000, 0x0000000094700000, 0x0000000094800000|  0%| F|  |TAMS 0x0000000094700000, 0x0000000094700000| Untracked 
| 130|0x0000000094800000, 0x0000000094800000, 0x0000000094900000|  0%| F|  |TAMS 0x0000000094800000, 0x0000000094800000| Untracked 
| 131|0x0000000094900000, 0x0000000094900000, 0x0000000094a00000|  0%| F|  |TAMS 0x0000000094900000, 0x0000000094900000| Untracked 
| 132|0x0000000094a00000, 0x0000000094a00000, 0x0000000094b00000|  0%| F|  |TAMS 0x0000000094a00000, 0x0000000094a00000| Untracked 
| 133|0x0000000094b00000, 0x0000000094b80800, 0x0000000094c00000| 50%| E|  |TAMS 0x0000000094b00000, 0x0000000094b00000| Complete 
| 134|0x0000000094c00000, 0x0000000094d00000, 0x0000000094d00000|100%| E|CS|TAMS 0x0000000094c00000, 0x0000000094c00000| Complete 
| 135|0x0000000094d00000, 0x0000000094e00000, 0x0000000094e00000|100%| E|CS|TAMS 0x0000000094d00000, 0x0000000094d00000| Complete 
| 136|0x0000000094e00000, 0x0000000094f00000, 0x0000000094f00000|100%| E|CS|TAMS 0x0000000094e00000, 0x0000000094e00000| Complete 
| 137|0x0000000094f00000, 0x0000000095000000, 0x0000000095000000|100%| E|CS|TAMS 0x0000000094f00000, 0x0000000094f00000| Complete 
| 138|0x0000000095000000, 0x0000000095100000, 0x0000000095100000|100%| E|CS|TAMS 0x0000000095000000, 0x0000000095000000| Complete 
| 139|0x0000000095100000, 0x0000000095200000, 0x0000000095200000|100%| E|CS|TAMS 0x0000000095100000, 0x0000000095100000| Complete 
| 140|0x0000000095200000, 0x0000000095300000, 0x0000000095300000|100%| E|CS|TAMS 0x0000000095200000, 0x0000000095200000| Complete 
| 141|0x0000000095300000, 0x0000000095400000, 0x0000000095400000|100%| E|CS|TAMS 0x0000000095300000, 0x0000000095300000| Complete 
| 142|0x0000000095400000, 0x0000000095500000, 0x0000000095500000|100%| E|CS|TAMS 0x0000000095400000, 0x0000000095400000| Complete 
| 143|0x0000000095500000, 0x0000000095600000, 0x0000000095600000|100%| E|CS|TAMS 0x0000000095500000, 0x0000000095500000| Complete 
| 144|0x0000000095600000, 0x0000000095700000, 0x0000000095700000|100%| E|CS|TAMS 0x0000000095600000, 0x0000000095600000| Complete 
| 145|0x0000000095700000, 0x0000000095800000, 0x0000000095800000|100%| E|CS|TAMS 0x0000000095700000, 0x0000000095700000| Complete 
| 146|0x0000000095800000, 0x0000000095900000, 0x0000000095900000|100%| E|CS|TAMS 0x0000000095800000, 0x0000000095800000| Complete 
| 147|0x0000000095900000, 0x0000000095a00000, 0x0000000095a00000|100%| E|CS|TAMS 0x0000000095900000, 0x0000000095900000| Complete 
| 148|0x0000000095a00000, 0x0000000095b00000, 0x0000000095b00000|100%| E|CS|TAMS 0x0000000095a00000, 0x0000000095a00000| Complete 
| 149|0x0000000095b00000, 0x0000000095c00000, 0x0000000095c00000|100%| E|CS|TAMS 0x0000000095b00000, 0x0000000095b00000| Complete 
| 150|0x0000000095c00000, 0x0000000095d00000, 0x0000000095d00000|100%| E|CS|TAMS 0x0000000095c00000, 0x0000000095c00000| Complete 
| 151|0x0000000095d00000, 0x0000000095e00000, 0x0000000095e00000|100%| E|CS|TAMS 0x0000000095d00000, 0x0000000095d00000| Complete 
| 152|0x0000000095e00000, 0x0000000095f00000, 0x0000000095f00000|100%| E|CS|TAMS 0x0000000095e00000, 0x0000000095e00000| Complete 
| 153|0x0000000095f00000, 0x0000000096000000, 0x0000000096000000|100%| E|CS|TAMS 0x0000000095f00000, 0x0000000095f00000| Complete 
| 154|0x0000000096000000, 0x0000000096100000, 0x0000000096100000|100%| E|CS|TAMS 0x0000000096000000, 0x0000000096000000| Complete 
| 155|0x0000000096100000, 0x0000000096200000, 0x0000000096200000|100%| E|CS|TAMS 0x0000000096100000, 0x0000000096100000| Complete 
| 156|0x0000000096200000, 0x0000000096300000, 0x0000000096300000|100%| E|CS|TAMS 0x0000000096200000, 0x0000000096200000| Complete 
| 157|0x0000000096300000, 0x0000000096400000, 0x0000000096400000|100%| E|CS|TAMS 0x0000000096300000, 0x0000000096300000| Complete 
| 158|0x0000000096400000, 0x0000000096500000, 0x0000000096500000|100%| E|CS|TAMS 0x0000000096400000, 0x0000000096400000| Complete 
| 159|0x0000000096500000, 0x0000000096600000, 0x0000000096600000|100%| E|CS|TAMS 0x0000000096500000, 0x0000000096500000| Complete 
| 160|0x0000000096600000, 0x0000000096700000, 0x0000000096700000|100%| E|CS|TAMS 0x0000000096600000, 0x0000000096600000| Complete 
| 161|0x0000000096700000, 0x0000000096800000, 0x0000000096800000|100%| S|CS|TAMS 0x0000000096700000, 0x0000000096700000| Complete 
| 162|0x0000000096800000, 0x0000000096900000, 0x0000000096900000|100%| S|CS|TAMS 0x0000000096800000, 0x0000000096800000| Complete 
| 163|0x0000000096900000, 0x0000000096a00000, 0x0000000096a00000|100%| S|CS|TAMS 0x0000000096900000, 0x0000000096900000| Complete 
| 164|0x0000000096a00000, 0x0000000096b00000, 0x0000000096b00000|100%| S|CS|TAMS 0x0000000096a00000, 0x0000000096a00000| Complete 
| 165|0x0000000096b00000, 0x0000000096c00000, 0x0000000096c00000|100%| S|CS|TAMS 0x0000000096b00000, 0x0000000096b00000| Complete 
| 166|0x0000000096c00000, 0x0000000096d00000, 0x0000000096d00000|100%| S