#
# A fatal error has been detected by the Java Runtime Environment:
#
#  SIGSEGV (0xb) at pc=0x00007f8ed5fd40ad, pid=38452, tid=38471
#
# JRE version: OpenJDK Runtime Environment (11.0.9.1+1) (build 11.0.9.1+1-Ubuntu-0ubuntu1.20.04)
# Java VM: OpenJDK 64-Bit Server VM (11.0.9.1+1-Ubuntu-0ubuntu1.20.04, mixed mode, sharing, tiered, compressed oops, g1 gc, linux-amd64)
# Problematic frame:
# C  [libjimage.so+0x30ad]
#
# Core dump will be written. Default location: Core dumps may be processed with "/usr/share/apport/apport %p %s %c %d %P %E" (or dumping to /home/jorgeaguirre/Documentos/gym-backend/core.38452)
#
# If you would like to submit a bug report, please visit:
#   https://bugs.launchpad.net/ubuntu/+source/openjdk-lts
#

---------------  S U M M A R Y ------------

Command Line: -agentlib:jdwp=transport=dt_socket,suspend=y,address=localhost:33945 -javaagent:/home/jorgeaguirre/eclipse/jee-2020-09/eclipse/configuration/org.eclipse.osgi/401/0/.cp/lib/javaagent-shaded.jar -Dfile.encoding=UTF-8 com.backend.gym.GymApplication

Host: Intel(R) Core(TM) i5-6200U CPU @ 2.30GHz, 4 cores, 7G, Ubuntu 20.04.1 LTS
Time: Sat May  1 18:38:07 2021 -05 elapsed time: 7588.219223 seconds (0d 2h 6m 28s)

---------------  T H R E A D  ---------------

Current thread (0x00007f8ed0178800):  JavaThread "Signal Dispatcher" daemon [_thread_in_vm, id=38471, stack(0x00007f8ed403c000,0x00007f8ed413d000)]

Stack: [0x00007f8ed403c000,0x00007f8ed413d000],  sp=0x00007f8ed413a1f0,  free space=1016k
Native frames: (J=compiled Java code, A=aot compiled Java code, j=interpreted, Vv=VM code, C=native code)
C  [libjimage.so+0x30ad]
C  [libjimage.so+0x3da2]
C  [libjimage.so+0x42b1]  JIMAGE_FindResource+0xf1
V  [libjvm.so+0x5ae8d1]
V  [libjvm.so+0x5b1081]
V  [libjvm.so+0xde0f0d]
V  [libjvm.so+0xddfa9a]
V  [libjvm.so+0xde205b]
V  [libjvm.so+0x66062e]
V  [libjvm.so+0x84ec06]
j  jdk.internal.misc.Signal.dispatch(I)V+25 java.base@11.0.9.1
v  ~StubRoutines::call_stub
V  [libjvm.so+0x8575d9]
V  [libjvm.so+0x8565f2]
V  [libjvm.so+0xbc09fe]
V  [libjvm.so+0xe17ccf]
V  [libjvm.so+0xe14330]
V  [libjvm.so+0xbd26e6]

Java frames: (J=compiled Java code, j=interpreted, Vv=VM code)
j  jdk.internal.misc.Signal.dispatch(I)V+25 java.base@11.0.9.1
v  ~StubRoutines::call_stub

siginfo: si_signo: 11 (SIGSEGV), si_code: 1 (SEGV_MAPERR), si_addr: 0x00007f8ec789e270

Register to memory mapping:

RAX=0x0000000000001495 is an unknown value
RBX=0x00007f8ed413a2a1 is pointing into the stack for thread: 0x00007f8ed0178800
RCX=0x00007f8ed413a2c3 is pointing into the stack for thread: 0x00007f8ed0178800
RDX=0x0000000000001495 is an unknown value
RSP=0x00007f8ed413a1f0 is pointing into the stack for thread: 0x00007f8ed0178800
RBP=0x00007f8ed413a210 is pointing into the stack for thread: 0x00007f8ed0178800
RSI=0x0 is NULL
RDI=0x00007f8ed5fd9030: <offset 0x0000000000008030> in /usr/lib/jvm/java-11-openjdk-amd64/lib/libjimage.so at 0x00007f8ed5fd1000
R8 =0x00007f8ec789901c is an unknown value
R9 =0x00007f8ed413b0b0 is pointing into the stack for thread: 0x00007f8ed0178800
R10=0x00007f8ed739b240: <offset 0x0000000000f3c240> in /usr/lib/jvm/java-11-openjdk-amd64/lib/server/libjvm.so at 0x00007f8ed645f000
R11=0x00007f8ed413b418 is pointing into the stack for thread: 0x00007f8ed0178800
R12=0x0000000000008412 is an unknown value
R13=0x00007f8ed413a2a0 is pointing into the stack for thread: 0x00007f8ed0178800
R14=0x0 is NULL
R15=0x00007f8ed0178e40 points into unknown readable memory: 6a 64 6b 2f 69 6e 74 65


Registers:
RAX=0x0000000000001495, RBX=0x00007f8ed413a2a1, RCX=0x00007f8ed413a2c3, RDX=0x0000000000001495
RSP=0x00007f8ed413a1f0, RBP=0x00007f8ed413a210, RSI=0x0000000000000000, RDI=0x00007f8ed5fd9030
R8 =0x00007f8ec789901c, R9 =0x00007f8ed413b0b0, R10=0x00007f8ed739b240, R11=0x00007f8ed413b418
R12=0x0000000000008412, R13=0x00007f8ed413a2a0, R14=0x0000000000000000, R15=0x00007f8ed0178e40
RIP=0x00007f8ed5fd40ad, EFLAGS=0x0000000000010246, CSGSFS=0x002b000000000033, ERR=0x0000000000000004
  TRAPNO=0x000000000000000e

Top of Stack: (sp=0x00007f8ed413a1f0)
0x00007f8ed413a1f0:   0000000000000000 00007f8ed413b338
0x00007f8ed413a200:   00007f8ed0009910 00007f8ed413a2a0
0x00007f8ed413a210:   00007f8ed413a280 00007f8ed5fd4da2
0x00007f8ed413a220:   0000000000000000 0000000000000000 

Instructions: (pc=0x00007f8ed5fd40ad)
0x00007f8ed5fd3fad:   f3 ff ff 44 03 65 90 e9 3f fe ff ff 0f 1f 80 00
0x00007f8ed5fd3fbd:   00 00 00 41 8b 10 41 89 55 00 41 8b 54 00 fc 41
0x00007f8ed5fd3fcd:   89 54 05 fc e9 82 fc ff ff 66 2e 0f 1f 84 00 00
0x00007f8ed5fd3fdd:   00 00 00 b9 0a 00 00 00 e9 f0 fc ff ff 41 0f b7
0x00007f8ed5fd3fed:   54 00 fe 66 41 89 54 05 fe e9 5d fc ff ff 0f 1f
0x00007f8ed5fd3ffd:   44 00 00 f3 0f 1e fa 0f b6 17 89 f0 89 f1 4c 8d
0x00007f8ed5fd400d:   47 01 84 d2 74 1c 0f 1f 44 00 00 69 c9 93 01 00
0x00007f8ed5fd401d:   01 49 83 c0 01 31 d1 41 0f b6 50 ff 84 d2 75 eb
0x00007f8ed5fd402d:   89 c8 25 ff ff ff 7f c3 90 66 2e 0f 1f 84 00 00
0x00007f8ed5fd403d:   00 00 00 f3 0f 1e fa 48 85 d2 0f 84 da 00 00 00
0x00007f8ed5fd404d:   55 48 89 e5 41 55 41 54 41 89 cc 53 48 83 ec 08
0x00007f8ed5fd405d:   85 c9 0f 84 ba 00 00 00 49 89 f5 48 8d 5e 01 0f
0x00007f8ed5fd406d:   b6 36 49 89 d0 40 84 f6 0f 84 9d 00 00 00 48 89
0x00007f8ed5fd407d:   d9 b8 93 01 00 01 0f 1f 44 00 00 69 d0 93 01 00
0x00007f8ed5fd408d:   01 48 83 c1 01 40 0f b6 c6 0f b6 71 ff 31 d0 40
0x00007f8ed5fd409d:   84 f6 75 e7 25 ff ff ff 7f 31 d2 41 f7 f4 89 d0
0x00007f8ed5fd40ad:   41 8b 34 80 48 8b 07 ff 50 20 85 c0 7f 15 74 62
0x00007f8ed5fd40bd:   f7 d0 41 89 c0 48 83 c4 08 44 89 c0 5b 41 5c 41
0x00007f8ed5fd40cd:   5d 5d c3 41 0f b6 4d 00 89 c6 84 c9 74 1b 0f 1f
0x00007f8ed5fd40dd:   44 00 00 69 f6 93 01 00 01 48 83 c3 01 31 ce 0f
0x00007f8ed5fd40ed:   b6 4b ff 84 c9 75 ec 89 f0 25 ff ff ff 7f 31 d2
0x00007f8ed5fd40fd:   48 83 c4 08 41 f7 f4 5b 41 5c 41 5d 5d 41 89 d0
0x00007f8ed5fd410d:   44 89 c0 c3 0f 1f 80 00 00 00 00 b8 93 01 00 01
0x00007f8ed5fd411d:   eb 87 41 b8 ff ff ff ff eb 9b 41 83 c8 ff 44 89
0x00007f8ed5fd412d:   c0 c3 90 f3 0f 1e fa eb 1d 66 2e 0f 1f 84 00 00
0x00007f8ed5fd413d:   00 00 00 0f b6 16 84 d2 74 13 38 c2 75 15 48 83
0x00007f8ed5fd414d:   c7 01 48 83 c6 01 0f b6 07 84 c0 75 e6 48 89 f8
0x00007f8ed5fd415d:   c3 66 90 31 c0 c3 90 66 66 2e 0f 1f 84 00 00 00
0x00007f8ed5fd416d:   00 00 90 f3 0f 1e fa 48 85 f6 74 51 0f b6 06 84
0x00007f8ed5fd417d:   c0 74 4a 0f b6 d0 83 e0 07 c1 fa 03 44 8d 50 01
0x00007f8ed5fd418d:   0f b6 c0 41 89 d1 4c 8d 44 06 02 48 8d 56 01 31
0x00007f8ed5fd419d:   c0 66 90 0f b6 0a 48 c1 e0 08 48 83 c2 01 48 09 


Stack slot to memory mapping:
stack at sp + 0 slots: 0x0 is NULL
stack at sp + 1 slots: 0x00007f8ed413b338 is pointing into the stack for thread: 0x00007f8ed0178800
stack at sp + 2 slots: 0x00007f8ed0009910 points into unknown readable memory: c0 80 00 7c 8e 7f 00 00
stack at sp + 3 slots: 0x00007f8ed413a2a0 is pointing into the stack for thread: 0x00007f8ed0178800
stack at sp + 4 slots: 0x00007f8ed413a280 is pointing into the stack for thread: 0x00007f8ed0178800
stack at sp + 5 slots: 0x00007f8ed5fd4da2: <offset 0x0000000000003da2> in /usr/lib/jvm/java-11-openjdk-amd64/lib/libjimage.so at 0x00007f8ed5fd1000
stack at sp + 6 slots: 0x0 is NULL
stack at sp + 7 slots: 0x0 is NULL


---------------  P R O C E S S  ---------------

Threads class SMR info:
_java_thread_list=0x00007f8e74007750, length=31, elements={
0x00007f8ed0171000, 0x00007f8ed0173000, 0x00007f8ed0178800, 0x00007f8ed017a800,
0x00007f8ed017c800, 0x00007f8ed017e800, 0x00007f8ed0194800, 0x00007f8ed01f1000,
0x00007f8ed01f5000, 0x00007f8ed0551000, 0x00007f8e58dea800, 0x00007f8e58dec000,
0x00007f8e58dee800, 0x00007f8e59140800, 0x00007f8e594de000, 0x00007f8e59764800,
0x00007f8e59772000, 0x00007f8e59774000, 0x00007f8e59775800, 0x00007f8e59777000,
0x00007f8e59779000, 0x00007f8e5977b000, 0x00007f8e5977c800, 0x00007f8e5977e800,
0x00007f8e59780000, 0x00007f8e59782000, 0x00007f8e59784800, 0x00007f8e5978a800,
0x00007f8e5978d800, 0x00007f8ed001a800, 0x00007f8e380af000
}

Java Threads: ( => current thread )
  0x00007f8ed0171000 JavaThread "Reference Handler" daemon [_thread_blocked, id=38469, stack(0x00007f8ed423e000,0x00007f8ed433f000)]
  0x00007f8ed0173000 JavaThread "Finalizer" daemon [_thread_blocked, id=38470, stack(0x00007f8ed413d000,0x00007f8ed423e000)]
=>0x00007f8ed0178800 JavaThread "Signal Dispatcher" daemon [_thread_in_vm, id=38471, stack(0x00007f8ed403c000,0x00007f8ed413d000)]
  0x00007f8ed017a800 JavaThread "C2 CompilerThread0" daemon [_thread_blocked, id=38472, stack(0x00007f8eb052f000,0x00007f8eb0630000)]
  0x00007f8ed017c800 JavaThread "C1 CompilerThread0" daemon [_thread_blocked, id=38473, stack(0x00007f8eb042e000,0x00007f8eb052f000)]
  0x00007f8ed017e800 JavaThread "Sweeper thread" daemon [_thread_blocked, id=38474, stack(0x00007f8eb032d000,0x00007f8eb042e000)]
  0x00007f8ed0194800 JavaThread "Common-Cleaner" daemon [_thread_blocked, id=38475, stack(0x00007f8eb022c000,0x00007f8eb032d000)]
  0x00007f8ed01f1000 JavaThread "JDWP Transport Listener: dt_socket" daemon [_thread_in_native, id=38477, stack(0x00007f8eb012b000,0x00007f8eb022c000)]
  0x00007f8ed01f5000 JavaThread "JDWP Event Helper Thread" daemon [_thread_blocked, id=38478, stack(0x00007f8eb002a000,0x00007f8eb012b000)]
  0x00007f8ed0551000 JavaThread "Service Thread" daemon [_thread_blocked, id=38485, stack(0x00007f8ea9600000,0x00007f8ea9701000)]
  0x00007f8e58dea800 JavaThread "Catalina-utility-1" [_thread_blocked, id=38499, stack(0x00007f8ea875c000,0x00007f8ea885d000)]
  0x00007f8e58dec000 JavaThread "Catalina-utility-2" [_thread_blocked, id=38500, stack(0x00007f8ea825b000,0x00007f8ea835c000)]
  0x00007f8e58dee800 JavaThread "container-0" [_thread_blocked, id=38501, stack(0x00007f8e476ff000,0x00007f8e47800000)]
  0x00007f8e59140800 JavaThread "HikariPool-1 housekeeper" daemon [_thread_blocked, id=38504, stack(0x00007f8e46ec3000,0x00007f8e46fc4000)]
  0x00007f8e594de000 JavaThread "File Watcher" daemon [_thread_blocked, id=38518, stack(0x00007f8e46dc2000,0x00007f8e46ec3000)]
  0x00007f8e59764800 JavaThread "Live Reload Server" daemon [_thread_in_native, id=38520, stack(0x00007f8e4582d000,0x00007f8e4592e000)]
  0x00007f8e59772000 JavaThread "http-nio-5000-BlockPoller" daemon [_thread_in_native, id=38521, stack(0x00007f8e4572c000,0x00007f8e4582d000)]
  0x00007f8e59774000 JavaThread "http-nio-5000-exec-1" daemon [_thread_blocked, id=38522, stack(0x00007f8e4562b000,0x00007f8e4572c000)]
  0x00007f8e59775800 JavaThread "http-nio-5000-exec-2" daemon [_thread_blocked, id=38523, stack(0x00007f8e4552a000,0x00007f8e4562b000)]
  0x00007f8e59777000 JavaThread "http-nio-5000-exec-3" daemon [_thread_blocked, id=38524, stack(0x00007f8e45429000,0x00007f8e4552a000)]
  0x00007f8e59779000 JavaThread "http-nio-5000-exec-4" daemon [_thread_blocked, id=38525, stack(0x00007f8e45328000,0x00007f8e45429000)]
  0x00007f8e5977b000 JavaThread "http-nio-5000-exec-5" daemon [_thread_blocked, id=38526, stack(0x00007f8e45227000,0x00007f8e45328000)]
  0x00007f8e5977c800 JavaThread "http-nio-5000-exec-6" daemon [_thread_blocked, id=38527, stack(0x00007f8e45126000,0x00007f8e45227000)]
  0x00007f8e5977e800 JavaThread "http-nio-5000-exec-7" daemon [_thread_blocked, id=38528, stack(0x00007f8e45025000,0x00007f8e45126000)]
  0x00007f8e59780000 JavaThread "http-nio-5000-exec-8" daemon [_thread_blocked, id=38529, stack(0x00007f8e44f24000,0x00007f8e45025000)]
  0x00007f8e59782000 JavaThread "http-nio-5000-exec-9" daemon [_thread_blocked, id=38530, stack(0x00007f8e44e23000,0x00007f8e44f24000)]
  0x00007f8e59784800 JavaThread "http-nio-5000-exec-10" daemon [_thread_blocked, id=38531, stack(0x00007f8e44d22000,0x00007f8e44e23000)]
  0x00007f8e5978a800 JavaThread "http-nio-5000-ClientPoller" daemon [_thread_in_native, id=38532, stack(0x00007f8e44c21000,0x00007f8e44d22000)]
  0x00007f8e5978d800 JavaThread "http-nio-5000-Acceptor" daemon [_thread_in_native, id=38533, stack(0x00007f8e44920000,0x00007f8e44a21000)]
  0x00007f8ed001a800 JavaThread "DestroyJavaVM" [_thread_blocked, id=38462, stack(0x00007f8ed6013000,0x00007f8ed6114000)]
  0x00007f8e380af000 JavaThread "PostgreSQL-JDBC-SharedTimer-5" daemon [_thread_blocked, id=41745, stack(0x00007f8ea93fd000,0x00007f8ea94fe000)]

Other Threads:
  0x00007f8ed016e000 VMThread "VM Thread" [stack: 0x00007f8ed4341000,0x00007f8ed4441000] [id=38468]
  0x00007f8ed0552800 WatcherThread [stack: 0x00007f8ea9500000,0x00007f8ea9600000] [id=38486]
  0x00007f8ed0032800 GCTaskThread "GC Thread#0" [stack: 0x00007f8ed5c44000,0x00007f8ed5d44000] [id=38463]
  0x00007f8e9c001000 GCTaskThread "GC Thread#1" [stack: 0x00007f8ea92fd000,0x00007f8ea93fd000] [id=38488]
  0x00007f8e9c004000 GCTaskThread "GC Thread#2" [stack: 0x00007f8ea90fa000,0x00007f8ea91fa000] [id=38491]
  0x00007f8e9c005800 GCTaskThread "GC Thread#3" [stack: 0x00007f8ea8ff8000,0x00007f8ea90f8000] [id=38492]
  0x00007f8ed0061000 ConcurrentGCThread "G1 Main Marker" [stack: 0x00007f8ed4c29000,0x00007f8ed4d29000] [id=38464]
  0x00007f8ed0063000 ConcurrentGCThread "G1 Conc#0" [stack: 0x00007f8ed4b27000,0x00007f8ed4c27000] [id=38465]
  0x00007f8ed00d4000 ConcurrentGCThread "G1 Refine#0" [stack: 0x00007f8ed4621000,0x00007f8ed4721000] [id=38466]
  0x00007f8ed00d6000 ConcurrentGCThread "G1 Young RemSet Sampling" [stack: 0x00007f8ed451f000,0x00007f8ed461f000] [id=38467]

Threads with active compile tasks:

VM state:not at safepoint (normal execution)

VM Mutex/Monitor currently owned by a thread: None

Heap address: 0x000000008c600000, size: 1850 MB, Compressed Oops mode: 32-bit
Narrow klass base: 0x0000000800000000, Narrow klass shift: 3
Compressed class space size: 1073741824 Address: 0x0000000840000000

Heap:
 garbage-first heap   total 217088K, used 156673K [0x000000008c600000, 0x0000000100000000)
  region size 1024K, 124 young (126976K), 8 survivors (8192K)
 Metaspace       used 69779K, capacity 71733K, committed 71756K, reserved 1112064K
  class space    used 8787K, capacity 9542K, committed 9548K, reserved 1048576K
Heap Regions: E=young(eden), S=young(survivor), O=old, HS=humongous(starts), HC=humongous(continues), CS=collection set, F=free, A=archive, TAMS=top-at-mark-start (previous, next)
|   0|0x000000008c600000, 0x000000008c700000, 0x000000008c700000|100%|HS|  |TAMS 0x000000008c700000, 0x000000008c600000| Complete 
|   1|0x000000008c700000, 0x000000008c800000, 0x000000008c800000|100%| O|  |TAMS 0x000000008c800000, 0x000000008c700000| Untracked 
|   2|0x000000008c800000, 0x000000008c900000, 0x000000008c900000|100%| O|  |TAMS 0x000000008c900000, 0x000000008c800000| Untracked 
|   3|0x000000008c900000, 0x000000008ca00000, 0x000000008ca00000|100%| O|  |TAMS 0x000000008ca00000, 0x000000008c900000| Untracked 
|   4|0x000000008ca00000, 0x000000008cb00000, 0x000000008cb00000|100%| O|  |TAMS 0x000000008cb00000, 0x000000008ca00000| Untracked 
|   5|0x000000008cb00000, 0x000000008cc00000, 0x000000008cc00000|100%| O|  |TAMS 0x000000008cc00000, 0x000000008cb00000| Untracked 
|   6|0x000000008cc00000, 0x000000008cd00000, 0x000000008cd00000|100%| O|  |TAMS 0x000000008cd00000, 0x000000008cc00000| Untracked 
|   7|0x000000008cd00000, 0x000000008ce00000, 0x000000008ce00000|100%| O|  |TAMS 0x000000008ce00000, 0x000000008cd00000| Untracked 
|   8|0x000000008ce00000, 0x000000008cf00000, 0x000000008cf00000|100%| O|  |TAMS 0x000000008cf00000, 0x000000008ce00000| Untracked 
|   9|0x000000008cf00000, 0x000000008d000000, 0x000000008d000000|100%| O|  |TAMS 0x000000008d000000, 0x000000008cf00000| Untracked 
|  10|0x000000008d000000, 0x000000008d100000, 0x000000008d100000|100%| O|  |TAMS 0x000000008d100000, 0x000000008d000000| Untracked 
|  11|0x000000008d100000, 0x000000008d200000, 0x000000008d200000|100%| O|  |TAMS 0x000000008d200000, 0x000000008d100000| Untracked 
|  12|0x000000008d200000, 0x000000008d300000, 0x000000008d300000|100%| O|  |TAMS 0x000000008d300000, 0x000000008d200000| Untracked 
|  13|0x000000008d300000, 0x000000008d400000, 0x000000008d400000|100%| O|  |TAMS 0x000000008d400000, 0x000000008d300000| Untracked 
|  14|0x000000008d400000, 0x000000008d500000, 0x000000008d500000|100%| O|  |TAMS 0x000000008d500000, 0x000000008d400000| Untracked 
|  15|0x000000008d500000, 0x000000008d600000, 0x000000008d600000|100%| O|  |TAMS 0x000000008d52d000, 0x000000008d500000| Untracked 
|  16|0x000000008d600000, 0x000000008d700000, 0x000000008d700000|100%| O|  |TAMS 0x000000008d600000, 0x000000008d600000| Untracked 
|  17|0x000000008d700000, 0x000000008d800000, 0x000000008d800000|100%| O|  |TAMS 0x000000008d700000, 0x000000008d700000| Untracked 
|  18|0x000000008d800000, 0x000000008d900000, 0x000000008d900000|100%| O|  |TAMS 0x000000008d800000, 0x000000008d800000| Untracked 
|  19|0x000000008d900000, 0x000000008da00000, 0x000000008da00000|100%| O|  |TAMS 0x000000008d900000, 0x000000008d900000| Untracked 
|  20|0x000000008da00000, 0x000000008db00000, 0x000000008db00000|100%| O|  |TAMS 0x000000008da00000, 0x000000008da00000| Untracked 
|  21|0x000000008db00000, 0x000000008dc00000, 0x000000008dc00000|100%| O|  |TAMS 0x000000008db00000, 0x000000008db00000| Untracked 
|  22|0x000000008dc00000, 0x000000008dd00000, 0x000000008dd00000|100%| O|  |TAMS 0x000000008dc00000, 0x000000008dc00000| Untracked 
|  23|0x000000008dd00000, 0x000000008de00000, 0x000000008de00000|100%| O|  |TAMS 0x000000008dd00000, 0x000000008dd00000| Untracked 
|  24|0x000000008de00000, 0x000000008df00000, 0x000000008df00000|100%| O|  |TAMS 0x000000008de00000, 0x000000008de00000| Untracked 
|  25|0x000000008df00000, 0x000000008e000000, 0x000000008e000000|100%| O|  |TAMS 0x000000008df00000, 0x000000008df00000| Untracked 
|  26|0x000000008e000000, 0x000000008e100000, 0x000000008e100000|100%| O|  |TAMS 0x000000008e000000, 0x000000008e000000| Untracked 
|  27|0x000000008e100000, 0x000000008e200000, 0x000000008e200000|100%| O|  |TAMS 0x000000008e100000, 0x000000008e100000| Untracked 
|  28|0x000000008e200000, 0x000000008e300000, 0x000000008e300000|100%| O|  |TAMS 0x000000008e200000, 0x000000008e200000| Untracked 
|  29|0x000000008e300000, 0x000000008e400000, 0x000000008e400000|100%| O|  |TAMS 0x000000008e300000, 0x000000008e300000| Untracked 
|  30|0x000000008e400000, 0x000000008e487400, 0x000000008e500000| 52%| O|  |TAMS 0x000000008e400000, 0x000000008e400000| Untracked 
|  31|0x000000008e500000, 0x000000008e500000, 0x000000008e600000|  0%| F|  |TAMS 0x000000008e500000, 0x000000008e500000| Untracked 
|  32|0x000000008e600000, 0x000000008e600000, 0x000000008e700000|  0%| F|  |TAMS 0x000000008e600000, 0x000000008e600000| Untracked 
|  33|0x000000008e700000, 0x000000008e700000, 0x000000008e800000|  0%| F|  |TAMS 0x000000008e700000, 0x000000008e700000| Untracked 
|  34|0x000000008e800000, 0x000000008e800000, 0x000000008e900000|  0%| F|  |TAMS 0x000000008e800000, 0x000000008e800000| Untracked 
|  35|0x000000008e900000, 0x000000008e900000, 0x000000008ea00000|  0%| F|  |TAMS 0x000000008e900000, 0x000000008e900000| Untracked 
|  36|0x000000008ea00000, 0x000000008ea00000, 0x000000008eb00000|  0%| F|  |TAMS 0x000000008ea00000, 0x000000008ea00000| Untracked 
|  37|0x000000008eb00000, 0x000000008eb00000, 0x000000008ec00000|  0%| F|  |TAMS 0x000000008eb00000, 0x000000008eb00000| Untracked 
|  38|0x000000008ec00000, 0x000000008ec00000, 0x000000008ed00000|  0%| F|  |TAMS 0x000000008ec00000, 0x000000008ec00000| Untracked 
|  39|0x000000008ed00000, 0x000000008ed00000, 0x000000008ee00000|  0%| F|  |TAMS 0x000000008ed00000, 0x000000008ed00000| Untracked 
|  40|0x000000008ee00000, 0x000000008ee00000, 0x000000008ef00000|  0%| F|  |TAMS 0x000000008ee00000, 0x000000008ee00000| Untracked 
|  41|0x000000008ef00000, 0x000000008ef00000, 0x000000008f000000|  0%| F|  |TAMS 0x000000008ef00000, 0x000000008ef00000| Untracked 
|  42|0x000000008f000000, 0x000000008f000000, 0x000000008f100000|  0%| F|  |TAMS 0x000000008f000000, 0x000000008f000000| Untracked 
|  43|0x000000008f100000, 0x000000008f100000, 0x000000008f200000|  0%| F|  |TAMS 0x000000008f100000, 0x000000008f100000| Untracked 
|  44|0x000000008f200000, 0x000000008f200000, 0x000000008f300000|  0%| F|  |TAMS 0x000000008f200000, 0x000000008f200000| Untracked 
|  45|0x000000008f300000, 0x000000008f300000, 0x000000008f400000|  0%| F|  |TAMS 0x000000008f300000, 0x000000008f300000| Untracked 
|  46|0x000000008f400000, 0x000000008f400000, 0x000000008f500000|  0%| F|  |TAMS 0x000000008f400000, 0x000000008f400000| Untracked 
|  47|0x000000008f500000, 0x000000008f500000, 0x000000008f600000|  0%| F|  |TAMS 0x000000008f500000, 0x000000008f500000| Untracked 
|  48|0x000000008f600000, 0x000000008f600000, 0x000000008f700000|  0%| F|  |TAMS 0x000000008f600000, 0x000000008f600000| Untracked 
|  49|0x000000008f700000, 0x000000008f700000, 0x000000008f800000|  0%| F|  |TAMS 0x000000008f700000, 0x000000008f700000| Untracked 
|  50|0x000000008f800000, 0x000000008f800000, 0x000000008f900000|  0%| F|  |TAMS 0x000000008f800000, 0x000000008f800000| Untracked 
|  51|0x000000008f900000, 0x000000008f900000, 0x000000008fa00000|  0%| F|  |TAMS 0x000000008f900000, 0x000000008f900000| Untracked 
|  52|0x000000008fa00000, 0x000000008fa00000, 0x000000008fb00000|  0%| F|  |TAMS 0x000000008fa00000, 0x000000008fa00000| Untracked 
|  53|0x000000008fb00000, 0x000000008fb00000, 0x000000008fc00000|  0%| F|  |TAMS 0x000000008fb00000, 0x000000008fb00000| Untracked 
|  54|0x000000008fc00000, 0x000000008fc00000, 0x000000008fd00000|  0%| F|  |TAMS 0x000000008fc00000, 0x000000008fc00000| Untracked 
|  55|0x000000008fd00000, 0x000000008fd00000, 0x000000008fe00000|  0%| F|  |TAMS 0x000000008fd00000, 0x000000008fd00000| Untracked 
|  56|0x000000008fe00000, 0x000000008fe00000, 0x000000008ff00000|  0%| F|  |TAMS 0x000000008fe00000, 0x000000008fe00000| Untracked 
|  57|0x000000008ff00000, 0x000000008ff00000, 0x0000000090000000|  0%| F|  |TAMS 0x000000008ff00000, 0x000000008ff00000| Untracked 
|  58|0x0000000090000000, 0x0000000090000000, 0x0000000090100000|  0%| F|  |TAMS 0x0000000090000000, 0x0000000090000000| Untracked 
|  59|0x0000000090100000, 0x0000000090100000, 0x0000000090200000|  0%| F|  |TAMS 0x0000000090100000, 0x0000000090100000| Untracked 
|  60|0x0000000090200000, 0x0000000090200000, 0x0000000090300000|  0%| F|  |TAMS 0x0000000090200000, 0x0000000090200000| Untracked 
|  61|0x0000000090300000, 0x0000000090300000, 0x0000000090400000|  0%| F|  |TAMS 0x0000000090300000, 0x0000000090300000| Untracked 
|  62|0x0000000090400000, 0x0000000090400000, 0x0000000090500000|  0%| F|  |TAMS 0x0000000090400000, 0x0000000090400000| Untracked 
|  63|0x0000000090500000, 0x0000000090500000, 0x0000000090600000|  0%| F|  |TAMS 0x0000000090500000, 0x0000000090500000| Untracked 
|  64|0x0000000090600000, 0x0000000090600000, 0x0000000090700000|  0%| F|  |TAMS 0x0000000090600000, 0x0000000090600000| Untracked 
|  65|0x0000000090700000, 0x0000000090700000, 0x0000000090800000|  0%| F|  |TAMS 0x0000000090700000, 0x0000000090700000| Untracked 
|  66|0x0000000090800000, 0x0000000090800000, 0x0000000090900000|  0%| F|  |TAMS 0x0000000090800000, 0x0000000090800000| Untracked 
|  67|0x0000000090900000, 0x0000000090900000, 0x0000000090a00000|  0%| F|  |TAMS 0x0000000090900000, 0x0000000090900000| Untracked 
|  68|0x0000000090a00000, 0x0000000090a00000, 0x0000000090b00000|  0%| F|  |TAMS 0x0000000090a00000, 0x0000000090a00000| Untracked 
|  69|0x0000000090b00000, 0x0000000090b00000, 0x0000000090c00000|  0%| F|  |TAMS 0x0000000090b00000, 0x0000000090b00000| Untracked 
|  70|0x0000000090c00000, 0x0000000090c00000, 0x0000000090d00000|  0%| F|  |TAMS 0x0000000090c00000, 0x0000000090c00000| Untracked 
|  71|0x0000000090d00000, 0x0000000090d00000, 0x0000000090e00000|  0%| F|  |TAMS 0x0000000090d00000, 0x0000000090d00000| Untracked 
|  72|0x0000000090e00000, 0x0000000090e00000, 0x0000000090f00000|  0%| F|  |TAMS 0x0000000090e00000, 0x0000000090e00000| Untracked 
|  73|0x0000000090f00000, 0x0000000090f00000, 0x0000000091000000|  0%| F|  |TAMS 0x0000000090f00000, 0x0000000090f00000| Untracked 
|  74|0x0000000091000000, 0x0000000091000000, 0x0000000091100000|  0%| F|  |TAMS 0x0000000091000000, 0x0000000091000000| Untracked 
|  75|0x0000000091100000, 0x0000000091100000, 0x0000000091200000|  0%| F|  |TAMS 0x0000000091100000, 0x0000000091100000| Untracked 
|  76|0x0000000091200000, 0x0000000091200000, 0x0000000091300000|  0%| F|  |TAMS 0x0000000091200000, 0x0000000091200000| Untracked 
|  77|0x0000000091300000, 0x0000000091300000, 0x0000000091400000|  0%| F|  |TAMS 0x0000000091300000, 0x0000000091300000| Untracked 
|  78|0x0000000091400000, 0x0000000091400000, 0x0000000091500000|  0%| F|  |TAMS 0x0000000091400000, 0x0000000091400000| Untracked 
|  79|0x0000000091500000, 0x0000000091500000, 0x0000000091600000|  0%| F|  |TAMS 0x0000000091500000, 0x0000000091500000| Untracked 
|  80|0x0000000091600000, 0x0000000091600000, 0x0000000091700000|  0%| F|  |TAMS 0x0000000091600000, 0x0000000091600000| Untracked 
|  81|0x0000000091700000, 0x0000000091700000, 0x0000000091800000|  0%| F|  |TAMS 0x0000000091700000, 0x0000000091700000| Untracked 
|  82|0x0000000091800000, 0x0000000091800000, 0x0000000091900000|  0%| F|  |TAMS 0x0000000091800000, 0x0000000091800000| Untracked 
|  83|0x0000000091900000, 0x0000000091900000, 0x0000000091a00000|  0%| F|  |TAMS 0x0000000091900000, 0x0000000091900000| Untracked 
|  84|0x0000000091a00000, 0x0000000091a00000, 0x0000000091b00000|  0%| F|  |TAMS 0x0000000091a00000, 0x0000000091a00000| Untracked 
|  85|0x0000000091b00000, 0x0000000091b00000, 0x0000000091c00000|  0%| F|  |TAMS 0x0000000091b00000, 0x0000000091b00000| Untracked 
|  86|0x0000000091c00000, 0x0000000091cc7150, 0x0000000091d00000| 77%| S|CS|TAMS 0x0000000091c00000, 0x0000000091c00000| Complete 
|  87|0x0000000091d00000, 0x0000000091e00000, 0x0000000091e00000|100%| S|CS|TAMS 0x0000000091d00000, 0x0000000091d00000| Complete 
|  88|0x0000000091e00000, 0x0000000091f00000, 0x0000000091f00000|100%| S|CS|TAMS 0x0000000091e00000, 0x0000000091e00000| Complete 
|  89|0x0000000091f00000, 0x0000000092000000, 0x0000000092000000|100%| S|CS|TAMS 0x0000000091f00000, 0x0000000091f00000| Complete 
|  90|0x0000000092000000, 0x0000000092100000, 0x0000000092100000|100%| S|CS|TAMS 0x0000000092000000, 0x0000000092000000| Complete 
|  91|0x0000000092100000, 0x0000000092200000, 0x0000000092200000|100%| S|CS|TAMS 0x0000000092100000, 0x0000000092100000| Complete 
|  92|0x0000000092200000, 0x0000000092300000, 0x0000000092300000|100%| S|CS|TAMS 0x0000000092200000, 0x0000000092200000| Complete 
|  93|0x0000000092300000, 0x0000000092380800, 0x0000000092400000| 50%| E|  |TAMS 0x0000000092300000, 0x0000000092300000| Complete 
|  94|0x0000000092400000, 0x0000000092500000, 0x0000000092500000|100%| E|CS|TAMS 0x0000000092400000, 0x0000000092400000| Complete 
|  95|0x0000000092500000, 0x0000000092600000, 0x0000000092600000|100%| S|CS|TAMS 0x0000000092500000, 0x0000000092500000| Complete 
|  96|0x0000000092600000, 0x0000000092700000, 0x0000000092700000|100%| E|CS|TAMS 0x0000000092600000, 0x0000000092600000| Complete 
|  97|0x0000000092700000, 0x0000000092800000, 0x0000000092800000|100%| E|CS|TAMS 0x0000000092700000, 0x0000000092700000| Complete 
|  98|0x0000000092800000, 0x0000000092900000, 0x0000000092900000|100%| E|CS|TAMS 0x0000000092800000, 0x0000000092800000| Complete 
|  99|0x0000000092900000, 0x0000000092a00000, 0x0000000092a00000|100%| E|CS|TAMS 0x0000000092900000, 0x0000000092900000| Complete 
| 100|0x0000000092a00000, 0x0000000092b00000, 0x0000000092b00000|100%| E|CS|TAMS 0x0000000092a00000, 0x0000000092a00000| Complete 
| 101|0x0000000092b00000, 0x0000000092c00000, 0x0000000092c00000|100%| E|CS|TAMS 0x0000000092b00000, 0x0000000092b00000| Complete 
| 102|0x0000000092c00000, 0x0000000092d00000, 0x0000000092d00000|100%| E|CS|TAMS 0x0000000092c00000, 0x0000000092c00000| Complete 
| 103|0x0000000092d00000, 0x0000000092e00000, 0x0000000092e00000|100%| E|CS|TAMS 0x0000000092d00000, 0x0000000092d00000| Complete 
| 104|0x0000000092e00000, 0x0000000092f00000, 0x0000000092f00000|100%| E|CS|TAMS 0x0000000092e00000, 0x0000000092e00000| Complete 
| 105|0x0000000092f00000, 0x0000000093000000, 0x0000000093000000|100%| E|CS|TAMS 0x0000000092f00000, 0x0000000092f00000| Complete 
| 106|0x0000000093000000, 0x0000000093100000, 0x0000000093100000|100%| E|CS|TAMS 0x0000000093000000, 0x0000000093000000| Complete 
| 107|0x0000000093100000, 0x0000000093200000, 0x0000000093200000|100%| E|CS|TAMS 0x0000000093100000, 0x0000000093100000| Complete 
| 108|0x0000000093200000, 0x0000000093300000, 0x0000000093300000|100%| E|  |TAMS 0x0000000093200000, 0x0000000093200000| Complete 
| 109|0x0000000093300000, 0x0000000093400000, 0x0000000093400000|100%| E|CS|TAMS 0x0000000093300000, 0x0000000093300000| Complete 
| 110|0x0000000093400000, 0x0000000093500000, 0x0000000093500000|100%| E|CS|TAMS 0x0000000093400000, 0x0000000093400000| Complete 
| 111|0x0000000093500000, 0x0000000093600000, 0x0000000093600000|100%| E|CS|TAMS 0x0000000093500000, 0x0000000093500000| Complete 
| 112|0x0000000093600000, 0x0000000093700000, 0x0000000093700000|100%| E|CS|TAMS 0x0000000093600000, 0x0000000093600000| Complete 
| 113|0x0000000093700000, 0x0000000093800000, 0x0000000093800000|100%| E|CS|TAMS 0x0000000093700000, 0x0000000093700000| Complete 
| 114|0x0000000093800000, 0x0000000093900000, 0x0000000093900000|100%| E|CS|TAMS 0x0000000093800000, 0x0000000093800000| Complete 
| 115|0x0000000093900000, 0x0000000093a00000, 0x0000000093a00000|100%| E|CS|TAMS 0x0000000093900000, 0x0000000093900000| Complete 
| 116|0x0000000093a00000, 0x0000000093b00000, 0x0000000093b00000|100%| E|CS|TAMS 0x0000000093a00000, 0x0000000093a00000| Complete 
| 117|0x0000000093b00000, 0x0000000093c00000, 0x0000000093c00000|100%| E|CS|TAMS 0x0000000093b00000, 0x0000000093b00000| Complete 
| 118|0x0000000093c00000, 0x0000000093d00000, 0x0000000093d00000|100%| E|CS|TAMS 0x0000000093c00000, 0x0000000093c00000| Complete 
| 119|0x0000000093d00000, 0x0000000093e00000, 0x0000000093e00000|100%| E|CS|TAMS 0x0000000093d00000, 0x0000000093d00000| Complete 
| 120|0x0000000093e00000, 0x0000000093f00000, 0x0000000093f00000|100%| E|CS|TAMS 0x0000000093e00000, 0x0000000093e00000| Complete 
| 121|0x0000000093f00000, 0x0000000094000000, 0x0000000094000000|100%| E|CS|TAMS 0x0000000093f00000, 0x0000000093f00000| Complete 
| 122|0x0000000094000000, 0x0000000094100000, 0x0000000094100000|100%| E|CS|TAMS 0x0000000094000000, 0x0000000094000000| Complete 
| 123|0x0000000094100000, 0x0000000094200000, 0x0000000094200000|100%| E|CS|TAMS 0x0000000094100000, 0x0000000094100000| Complete 
| 124|0x0000000094200000, 0x0000000094300000, 0x0000000094300000|100%| E|CS|TAMS 0x0000000094200000, 0x0000000094200000| Complete 
| 125|0x0000000094300000, 0x0000000094400000, 0x0000000094400000|100%| E|CS|TAMS 0x0000000094300000, 0x0000000094300000| Complete 
| 126|0x0000000094400000, 0x0000000094500000, 0x0000000094500000|100%| E|CS|TAMS 0x0000000094400000, 0x0000000094400000| Complete 
| 127|0x0000000094500000, 0x0000000094600000, 0x0000000094600000|100%| E|CS|TAMS 0x0000000094500000, 0x0000000094500000| Complete 
| 128|0x0000000094600000, 0x0000000094700000, 0x0000000094700000|100%| E|CS|TAMS 0x0000000094600000, 0x0000000094600000| Complete 
| 129|0x0000000094700000, 0x0000000094800000, 0x0000000094800000|100%| E|CS|TAMS 0x0000000094700000, 0x0000000094700000| Complete 
| 130|0x0000000094800000, 0x0000000094900000, 0x0000000094900000|100%| E|CS|TAMS 0x0000000094800000, 0x0000000094800000| Complete 
| 131|0x0000000094900000, 0x0000000094a00000, 0x0000000094a00000|100%| E|CS|TAMS 0x0000000094900000, 0x0000000094900000| Complete 
| 132|0x0000000094a00000, 0x0000000094b00000, 0x0000000094b00000|100%| E|CS|TAMS 0x0000000094a00000, 0x0000000094a00000| Complete 
| 133|0x0000000094b00000, 0x0000000094c00000, 0x0000000094c00000|100%| E|CS|TAMS 0x0000000094b00000, 0x0000000094b00000| Complete 
| 134|0x0000000094c00000, 0x0000000094d00000, 0x0000000094d00000|100%| E|CS|TAMS 0x0000000094c00000, 0x0000000094c00000| Complete 
| 135|0x0000000094d00000, 0x0000000094e00000, 0x0000000094e00000|100%| E|CS|TAMS 0x0000000094d00000, 0x0000000094d00000| Complete 
| 136|0x0000000094e00000, 0x0000000094f00000, 0x0000000094f00000|100%| E|CS|TAMS 0x0000000094e00000, 0x0000000094e00000| Complete 
| 137|0x0000000094f00000, 0x0000000095000000, 0x0000000095000000|100%| E|CS|TAMS 0x0000000094f00000, 0x0000000094f00000| Complete 
| 138|0x0000000095000000, 0x0000000095100000, 0x0000000095100000|100%| E|CS|TAMS 0x0000000095000000, 0x0000000095000000| Complete 
| 139|0x0000000095100000, 0x0000000095200000, 0x0000000095200000|100%| E|CS|TAMS 0x0000000095100000, 0x0000000095100000| Complete 
| 140|0x0000000095200000, 0x0000000095300000, 0x0000000095300000|100%| E|CS|TAMS 0x0000000095200000, 0x0000000095200000| Complete 
| 141|0x0000000095300000, 0x0000000095400000, 0x0000000095400000|100%| E|CS|TAMS 0x0000000095300000, 0x0000000095300000| Complete 
| 142|0x0000000095400000, 0x0000000095500000, 0x0000000095500000|100%| E|CS|TAMS 0x0000000095400000, 0x0000000095400000| Complete 
| 143|0x0000000095500000, 0x0000000095600000, 0x0000000095600000|100%| E|CS|TAMS 0x0000000095500000, 0x0000000095500000| Complete 
| 144|0x0000000095600000, 0x0000000095700000, 0x0000000095700000|100%| E|CS|TAMS 0x0000000095600000, 0x0000000095600000| Complete 
| 145|0x0000000095700000, 0x0000000095800000, 0x0000000095800000|100%| E|CS|TAMS 0x0000000095700000, 0x0000000095700000| Complete 
| 146|0x0000000095800000, 0x0000000095900000, 0x0000000095900000|100%| E|CS|TAMS 0x0000000095800000, 0x0000000095800000| Complete 
| 147|0x0000000095900000, 0x0000000095a00000, 0x0000000095a00000|100%| E|CS|TAMS 0x0000000095900000, 0x0000000095900000| Complete 
| 148|0x0000000095a00000, 0x0000000095b00000, 0x0000000095b00000|100%| E|CS|TAMS 0x0000000095a00000, 0x0000000095a00000| Complete 
| 149|0x0000000095b00000, 0x0000000095c00000, 0x0000000095c00000|100%| E|CS|TAMS 0x0000000095b00000, 0x0000000095b00000| Complete 
| 150|0x0000000095c00000, 0x0000000095d00000, 0x0000000095d00000|100%| E|CS|TAMS 0x0000000095c00000, 0x0000000095c00000| Complete 
| 151|0x0000000095d00000, 0x0000000095e00000, 0x0000000095e00000|100%| E|CS|TAMS 0x0000000095d00000, 0x0000000095d00000| Complete 
| 152|0x0000000095e00000, 0x0000000095f00000, 0x0000000095f00000|100%| E|CS|TAMS 0x0000000095e00000, 0x0000000095e00000| Complete 
| 153|0x0000000095f00000, 0x0000000096000000, 0x0000000096000000|100%| E|CS|TAMS 0x0000000095f00000, 0x0000000095f00000| Complete 
| 154|0x0000000096000000, 0x0000000096100000, 0x0000000096100000|100%| E|CS|TAMS 0x0000000096000000, 0x0000000096000000| Complete 
| 155|0x0000000096100000, 0x0000000096200000, 0x0000000096200000|100%| E|CS|TAMS 0x0000000096100000, 0x0000000096100000| Complete 
| 156|0x0000000096200000, 0x0000000096300000, 0x0000000096300000|100%| E|CS|TAMS 0x0000000096200000, 0x0000000096200000| Complete 
| 157|0x0000000096300000, 0x0000000096400000, 0x0000000096400000|100%| E|CS|TAMS 0x0000000096300000, 0x0000000096300000| Complete 
| 158|0x0000000096400000, 0x0000000096500000, 0x0000000096500000|100%| E|CS|TAMS 0x0000000096400000, 0x0000000096400000| Complete 
| 159|0x0000000096500000, 0x0000000096600000, 0x0000000096600000|100%| E|CS|TAMS 0x0000000096500000, 0x0000000096500000| Complete 
| 160|0x0000000096600000, 0x0000000096700000, 0x0000000096700000|100%| E|CS|TAMS 0x0000000096600000, 0x0000000096600000| Complete 
| 161|0x0000000096700000, 0x0000000096800000, 0x0000000096800000|100%| E|CS|TAMS 0x0000000096700000, 0x0000000096700000| Complete 
| 162|0x0000000096800000, 0x0000000096900000, 0x0000000096900000|100%| E|CS|TAMS 0x0000000096800000, 0x0000000096800000| Complete 
| 163|0x0000000096900000, 0x0000000096a00000, 0x0000000096a00000|100%| E|CS|TAMS 0x0000000096900000, 0x0000000096900000| Complete 
| 164|0x0000000096a00000, 0x0000000096b00000, 0x0000000096b00000|100%| E|CS|TAMS 0x0000000096a00000, 0x0000000096a00000| Complete 
| 165|0x0000000096b00000, 0x0000000096c00000, 0x0000000096c00000|100%| E|CS|TAMS 0x0000000096b00000, 0x0000000096b00000| Complete 
| 166|0x0000000096c00000, 0x0000000096d00000, 0x0000000096d00000|100%| E|CS|TAMS 0x0000000096c00000, 0x0000000096c00000| Complete 
| 167|0x0000000096d00000, 0x0000000096e00000, 0x0000000096e00000|100%| E|CS|TAMS 0x0000000096d00000, 0x0000000096d00000| Complete 
| 168|0x0000000096e00000, 0x0000000096f00000, 0x0000000096f00000|100%| E|CS|TAMS 0x0000000096e00000, 0x0000000096e00000| Complete 
| 169|0x0000000096f00000, 0x0000000097000000, 0x0000000097000000|100%| E|CS|TAMS 0x0000000096f00000, 0x0000000096f00000| Complete 
| 170|0x0000000097000000, 0x0000000097100000, 0x0000000097100000|100%| E|CS|TAMS 0x0000000097000000, 0x0000000097000000| Complete 
| 171|0x0000000097100000, 0x0000000097200000, 0x0000000097200000|100%| E|CS|TAMS 0x0000000097100000, 0x0000000097100000| Complete 
| 172|0x0000000097200000, 0x0000000097300000, 0x0000000097300000|100%| E|CS|TAMS 0x0000000097200000, 0x0000000097200000| Complete 
| 173|0x0000000097300000, 0x0000000097400000, 0x0000000097400000|100%| E|CS|TAMS 0x0000000097300000, 0x0000000097300000| Complete 
| 174|0x0000000097400000, 0x0000000097500000, 0x0000000097500000|100%| E|CS|TAMS 0x0000000097400000, 0x0000000097400000| Complete 
| 175|0x0000000097500000, 0x0000000097600000, 0x0000000097600000|100%| E|CS|TAMS 0x0000000097500000, 0x0000000097500000| Complete 
| 176|0x0000000097600000, 0x0000000097700000, 0x0000000097700000|100%| E|CS|TAMS 0x0000000097600000, 0x0000000097600000| Complete 
| 177|0x0000000097700000, 0x0000000097800000, 0x0000000097800000|100%| E|CS|TAMS 0x0000000097700000, 0x0000000097700000| Complete 
| 178|0x0000000097800000, 0x0000000097900000, 0x0000000097900000|100%| E|CS|TAMS 0x0000000097800000, 0x0000000097800000| Complete 
| 179|0x0000000097900000, 0x0000000097a00000, 0x0000000097a00000|100%| E|CS|TAMS 0x0000000097900000, 0x0000000097900000| Complete 
| 180|0x0000000097a00000, 0x0000000097b00000, 0x0000000097b00000|100%| E|CS|TAMS 0x0000000097a00000, 0x0000000097a00000| Complete 
| 181|0x0000000097b00000, 0x0000000097c00000, 0x0000000097c00000|100%| E|CS|TAMS 0x0000000097b00000, 0x0000000097b00000| Complete 
| 182|0x0000000097c00000, 0x0000000097d00000, 0x0000000097d00000|100%| E|CS|TAMS 0x0000000097c00000, 0x0000000097c00000| Complete 
| 183|0x0000000097d00000, 0x0000000097e00000, 0x0000000097e00000|100%| E|CS|TAMS 0x0000000097d00000, 0x0000000097d00000| Complete 
| 184|0x0000000097e00000, 0x0000000097f00000, 0x0000000097f00000|100%| E|CS|TAMS 0x0000000097e00000, 0x0000000097e00000| Complete 
| 185|0x0000000097f00000, 0x0000000098000000, 0x0000000098000000|100%| E|CS|TAMS 0x0000000097f00000, 0x0000000097f00000| Complete 
| 186|0x0000000098000000, 0x0000000098100000, 0x0000000098100000|100%| E|CS|TAMS 0x0000000098000000, 0x0000000098000000| Complete 
| 187|0x0000000098100000, 0x0000000098200000, 0x0000000098200000|100%| E|CS|TAMS 0x0000000098100000, 0x0000000098100000| Complete 
| 188|0x0000000098200000, 0x0000000098300000, 0x0000000098300000|100%| E|CS|TAMS 0x0000000098200000, 0x0000000098200000| Complete 
| 189|0x0000000098300000, 0x0000000098400000, 0x0000000098400000|100%| E|CS|TAMS 0x0000000098300000, 0x0000000098300000| Complete 
| 190|0x0000000098400000, 0x0000000098500000, 0x0000000098500000|100%| E|CS|TAMS 0x0000000098400000, 0x0000000098400000| Complete 
| 191|0x0000000098500000, 0x0000000098600000, 0x0000000098600000|100%| E|CS|TAMS 0x0000000098500000, 0x0000000098500000| Complete 
| 192|0x0000000098600000, 0x0000000098700000, 0x0000000098700000|100%| E|CS|TAMS 0x0000000098600000, 0x0000000098600000| Complete 
| 193|0x0000000098700000, 0x0000000098800000, 0x0000000098800000|100%| E|CS|TAMS 0x0000000098700000, 0x0000000098700000| Complete 
| 194|0x0000000098800000, 0x0000000098900000, 0x0000000098900000|100%| E|CS|TAMS 0x0000000098800000, 0x0000000098800000| Complete 
| 195|0x0000000098900000, 0x0000000098a00000, 0x0000000098a00000|100%| E|CS|TAMS 0x0000000098900000, 0x0000000098900000| Complete 
| 196|0x0000000098a00000, 0x0000000098b00000, 0x0000000098b00000|100%| E|CS|TAMS 0x0000000098a00000, 0x0000000098a00000| Complete 
| 197|0x0000000098b00000, 0x0000000098c00000, 0x0000000098c00000|100%| E|CS|TAMS 0x0000000098b00000, 0x0000000098b00000| Complete 
| 198|0x0000000098c00000, 0x0000000098d00000, 0x0000000098d00000|100%| E|CS|TAMS 0x0000000098c00000, 0x0000000098c00000| Complete 
| 199|0x0000000098d00000, 0x0000000098e00000, 0x0000000098e00000|100%| E|CS|TAMS 0x0000000098d00000, 0x0000000098d00000| Complete 
| 200|0x0000000098e00000, 0x0000000098f00000, 0x0000000098f00000|100%| E|CS|TAMS 0x0000000098e00000, 0x0000000098e00000| Complete 
| 201|0x0000000098f00000, 0x0000000099000000, 0x0000000099000000|100%| E|CS|TAMS 0x0000000098f00000, 0x0000000098f00000| Complete 
| 202|0x0000000099000000, 0x0000000099100000, 0x0000000099100000|100%| E|CS|TAMS 0x0000000099000000, 0x0000000099000000| Complete 
| 203|0x0000000099100000, 0x0000000099200000, 0x0000000099200000|100%| E|CS|TAMS 0x0000000099100000, 0x0000000099100000| Complete 
| 204|0x0000000099200000, 0x0000000099300000, 0x0000000099300000|100%| E|CS|TAMS 0x0000000099200000, 0x0000000099200000| Complete 
| 205|0x0000000099300000, 0x0000000099400000, 0x0000000099400000|100%| E|CS|TAMS 0x0000000099300000, 0x0000000099300000| Complete 
| 206|0x0000000099400000, 0x0000000099500000, 0x0000000099500000|100%| E|CS|TAMS 0x0000000099400000, 0x0000000099400000| Complete 
| 207|0x0000000099500000, 0x0000000099600000, 0x0000000099600000|100%| E|CS|TAMS 0x0000000099500000, 0x0000000099500000| Complete 
| 208|0x0000000099600000, 0x0000000099700000, 0x0000000099700000|100%| E|CS|TAMS 0x0000000099600000, 0x0000000099600000| Complete 
| 209|0x0000000099700000, 0x0000000099800000, 0x0000000099800000|100%| E|CS|TAMS 0x0000000099700000, 0x0000000099700000| Complete 
|1848|0x00000000ffe00000, 0x00000000ffe47000, 0x00000000fff00000| 27%|OA|  |TAMS 0x00000000ffe47000, 0x00000000ffe00000| Untracked 
|1849|0x00000000fff00000, 0x00000000fff6b000, 0x0000000100000000| 41%|CA|  |TAMS 0x00000000fff6b000, 0x00000000fff00000| Untracked 

Card table byte_map: [0x00007f8ed5104000,0x00007f8ed54a1000] _byte_map_base: 0x00007f8ed4ca1000

Marking Bits (Prev, Next): (CMBitMap*) 0x00007f8ed0059060, (CMBitMap*) 0x00007f8ed0059028
 Prev Bits: [0x00007f8eb0630000, 0x00007f8eb2318000)
 Next Bits: [0x00007f8eb2318000, 0x00007f8eb4000000)

Polling page: 0x00007f8ed7937000

Metaspace:

Usage:
  Non-class:     60,73 MB capacity,    59,56 MB ( 98%) used,   955,74 KB (  2%) free+waste,   243,44 KB ( <1%) overhead. 
      Class:      9,32 MB capacity,     8,58 MB ( 92%) used,   643,86 KB (  7%) free+waste,   110,25 KB (  1%) overhead. 
       Both:     70,05 MB capacity,    68,14 MB ( 97%) used,     1,56 MB (  2%) free+waste,   353,69 KB ( <1%) overhead. 

Virtual space:
  Non-class space:       62,00 MB reserved,      60,75 MB ( 98%) committed 
      Class space:        1,00 GB reserved,       9,32 MB ( <1%) committed 
             Both:        1,06 GB reserved,      70,07 MB (  6%) committed 

Chunk freelists:
   Non-Class:  17,00 KB
       Class:  